<?xml version="1.0" encoding="UTF-8"?>
<!-- Generated by org.testng.reporters.JUnitReportReporter -->
<testsuite skipped="1" hostname="BLR-SOFT-29" name="com.lifeco.HogePageTest" tests="2" failures="0" timestamp="24 Oct 2019 10:37:34 GMT" time="10.592" errors="0">
  <testcase name="verifyRestaurants" time="10.592" classname="com.lifeco.HogePageTest"/>
  <testcase name="verifyLinks" classname="com.lifeco.HogePageTest">
    <skipped/>
  </testcase> <!-- verifyLinks -->
</testsuite> <!-- com.lifeco.HogePageTest -->
