<?xml version="1.0" encoding="UTF-8"?>
<!-- Generated by org.testng.reporters.JUnitReportReporter -->
<testsuite skipped="0" hostname="DESKTOP-A96QGMO" name="com.lifeco.tests.Content_Tips_AllTips_Test" tests="1" failures="0" timestamp="06 Sep 2019 12:06:44 GMT" time="128.060" errors="0">
  <testcase name="VerifyEditTip" time="128.060" classname="com.lifeco.tests.Content_Tips_AllTips_Test"/>
</testsuite> <!-- com.lifeco.tests.Content_Tips_AllTips_Test -->
