<?xml version="1.0" encoding="UTF-8"?>
<!-- Generated by org.testng.reporters.JUnitReportReporter -->
<testsuite skipped="0" hostname="DESKTOP-A96QGMO" name="com.lifeco.tests.Data_Behaviourdata_Test" tests="6" failures="0" timestamp="29 Aug 2019 13:30:34 GMT" time="490.237" errors="0">
  <testcase name="navigateToDataBehaviour" time="50.408" classname="com.lifeco.tests.Data_Behaviourdata_Test"/>
  <testcase name="createTagActivity" time="109.805" classname="com.lifeco.tests.Data_Behaviourdata_Test"/>
  <testcase name="createTagGoal" time="66.030" classname="com.lifeco.tests.Data_Behaviourdata_Test"/>
  <testcase name="createTagUserChallenges" time="113.581" classname="com.lifeco.tests.Data_Behaviourdata_Test"/>
  <testcase name="createTagSocialData" time="86.556" classname="com.lifeco.tests.Data_Behaviourdata_Test"/>
  <testcase name="createTagPoints" time="63.857" classname="com.lifeco.tests.Data_Behaviourdata_Test"/>
</testsuite> <!-- com.lifeco.tests.Data_Behaviourdata_Test -->
