<?xml version="1.0" encoding="UTF-8"?>
<!-- Generated by org.testng.reporters.JUnitReportReporter -->
<testsuite skipped="1" hostname="DESKTOP-A96QGMO" name="com.lifeco.tests.Engagement_Campaigns_LogTest" tests="2" failures="0" timestamp="06 Sep 2019 12:06:44 GMT" time="346.172" errors="0">
  <testcase name="editCampaign" time="200.934" classname="com.lifeco.tests.Engagement_Campaigns_LogTest"/>
  <testcase name="editCampaign" time="145.238" classname="com.lifeco.tests.Engagement_Campaigns_LogTest">
    <skipped/>
  </testcase> <!-- editCampaign -->
</testsuite> <!-- com.lifeco.tests.Engagement_Campaigns_LogTest -->
