<?xml version="1.0" encoding="UTF-8"?>
<!-- Generated by org.testng.reporters.JUnitReportReporter -->
<testsuite skipped="88" hostname="BLR-SOFT-03" name="com.justdial.test.ImpCheckListTest" tests="104" failures="0" timestamp="15 Nov 2019 04:26:26 GMT" time="0.094" errors="16">
  <testcase name="zpostcondition" time="0.000" classname="com.justdial.test.ImpCheckListTest">
    <error type="java.lang.NullPointerException">
      <![CDATA[java.lang.NullPointerException
at com.lifeco.generic.BaseTest.zpostcondition(BaseTest.java:132)
at sun.reflect.NativeMethodAccessorImpl.invoke0(Native Method)
at sun.reflect.NativeMethodAccessorImpl.invoke(Unknown Source)
at sun.reflect.DelegatingMethodAccessorImpl.invoke(Unknown Source)
at java.lang.reflect.Method.invoke(Unknown Source)
at org.testng.internal.MethodInvocationHelper.invokeMethod(MethodInvocationHelper.java:124)
at org.testng.internal.MethodInvocationHelper.invokeMethodConsideringTimeout(MethodInvocationHelper.java:59)
at org.testng.internal.Invoker.invokeConfigurationMethod(Invoker.java:458)
at org.testng.internal.Invoker.invokeConfigurations(Invoker.java:222)
at org.testng.internal.Invoker.invokeMethod(Invoker.java:536)
at org.testng.internal.Invoker.invokeTestMethod(Invoker.java:719)
at org.testng.internal.Invoker.invokeTestMethods(Invoker.java:989)
at org.testng.internal.TestMethodWorker.invokeTestMethods(TestMethodWorker.java:125)
at org.testng.internal.TestMethodWorker.run(TestMethodWorker.java:109)
at org.testng.TestRunner.privateRun(TestRunner.java:648)
at org.testng.TestRunner.run(TestRunner.java:505)
at org.testng.SuiteRunner.runTest(SuiteRunner.java:455)
at org.testng.SuiteRunner.runSequentially(SuiteRunner.java:450)
at org.testng.SuiteRunner.privateRun(SuiteRunner.java:415)
at org.testng.SuiteRunner.run(SuiteRunner.java:364)
at org.testng.SuiteRunnerWorker.runSuite(SuiteRunnerWorker.java:52)
at org.testng.SuiteRunnerWorker.run(SuiteRunnerWorker.java:84)
at org.testng.TestNG.runSuitesSequentially(TestNG.java:1208)
at org.testng.TestNG.runSuitesLocally(TestNG.java:1137)
at org.testng.TestNG.runSuites(TestNG.java:1049)
at org.testng.TestNG.run(TestNG.java:1017)
at org.testng.remote.AbstractRemoteTestNG.run(AbstractRemoteTestNG.java:115)
at org.testng.remote.RemoteTestNG.initAndRun(RemoteTestNG.java:251)
at org.testng.remote.RemoteTestNG.main(RemoteTestNG.java:77)
]]>
    </error>
  </testcase> <!-- zpostcondition -->
  <testcase name="openApplication" time="0.006" classname="com.justdial.test.ImpCheckListTest">
    <error type="java.lang.IllegalStateException" message="The driver executable does not exist: C:\Users\blrsoft\Downloads\ui-master\JustDailWebAuto\DriverExecutable\chromedriver.exe">
      <![CDATA[java.lang.IllegalStateException: The driver executable does not exist: C:\Users\blrsoft\Downloads\ui-master\JustDailWebAuto\DriverExecutable\chromedriver.exe
at com.google.common.base.Preconditions.checkState(Preconditions.java:585)
at org.openqa.selenium.remote.service.DriverService.checkExecutable(DriverService.java:146)
at org.openqa.selenium.remote.service.DriverService.findExecutable(DriverService.java:141)
at org.openqa.selenium.chrome.ChromeDriverService.access$000(ChromeDriverService.java:35)
at org.openqa.selenium.chrome.ChromeDriverService$Builder.findDefaultExecutable(ChromeDriverService.java:159)
at org.openqa.selenium.remote.service.DriverService$Builder.build(DriverService.java:355)
at org.openqa.selenium.chrome.ChromeDriverService.createDefaultService(ChromeDriverService.java:94)
at org.openqa.selenium.chrome.ChromeDriver.<init>(ChromeDriver.java:157)
at com.justdial.browserconfig.ChromeBrowser.getChromeDriver(ChromeBrowser.java:40)
at com.lifeco.generic.BaseTest.getBrowserObj(BaseTest.java:144)
at com.lifeco.generic.BaseTest.launchBrowser(BaseTest.java:168)
at com.lifeco.generic.BaseTest.openApplication(BaseTest.java:90)
at sun.reflect.NativeMethodAccessorImpl.invoke0(Native Method)
at sun.reflect.NativeMethodAccessorImpl.invoke(Unknown Source)
at sun.reflect.DelegatingMethodAccessorImpl.invoke(Unknown Source)
at java.lang.reflect.Method.invoke(Unknown Source)
at org.testng.internal.MethodInvocationHelper.invokeMethod(MethodInvocationHelper.java:124)
at org.testng.internal.MethodInvocationHelper.invokeMethodConsideringTimeout(MethodInvocationHelper.java:59)
at org.testng.internal.Invoker.invokeConfigurationMethod(Invoker.java:458)
at org.testng.internal.Invoker.invokeConfigurations(Invoker.java:222)
at org.testng.internal.Invoker.invokeMethod(Invoker.java:523)
at org.testng.internal.Invoker.invokeTestMethod(Invoker.java:719)
at org.testng.internal.Invoker.invokeTestMethods(Invoker.java:989)
at org.testng.internal.TestMethodWorker.invokeTestMethods(TestMethodWorker.java:125)
at org.testng.internal.TestMethodWorker.run(TestMethodWorker.java:109)
at org.testng.TestRunner.privateRun(TestRunner.java:648)
at org.testng.TestRunner.run(TestRunner.java:505)
at org.testng.SuiteRunner.runTest(SuiteRunner.java:455)
at org.testng.SuiteRunner.runSequentially(SuiteRunner.java:450)
at org.testng.SuiteRunner.privateRun(SuiteRunner.java:415)
at org.testng.SuiteRunner.run(SuiteRunner.java:364)
at org.testng.SuiteRunnerWorker.runSuite(SuiteRunnerWorker.java:52)
at org.testng.SuiteRunnerWorker.run(SuiteRunnerWorker.java:84)
at org.testng.TestNG.runSuitesSequentially(TestNG.java:1208)
at org.testng.TestNG.runSuitesLocally(TestNG.java:1137)
at org.testng.TestNG.runSuites(TestNG.java:1049)
at org.testng.TestNG.run(TestNG.java:1017)
at org.testng.remote.AbstractRemoteTestNG.run(AbstractRemoteTestNG.java:115)
at org.testng.remote.RemoteTestNG.initAndRun(RemoteTestNG.java:251)
at org.testng.remote.RemoteTestNG.main(RemoteTestNG.java:77)
]]>
    </error>
  </testcase> <!-- openApplication -->
  <testcase name="zpostcondition" time="0.000" classname="com.justdial.test.ImpCheckListTest">
    <error type="java.lang.NullPointerException">
      <![CDATA[java.lang.NullPointerException
at com.lifeco.generic.BaseTest.zpostcondition(BaseTest.java:132)
at sun.reflect.NativeMethodAccessorImpl.invoke0(Native Method)
at sun.reflect.NativeMethodAccessorImpl.invoke(Unknown Source)
at sun.reflect.DelegatingMethodAccessorImpl.invoke(Unknown Source)
at java.lang.reflect.Method.invoke(Unknown Source)
at org.testng.internal.MethodInvocationHelper.invokeMethod(MethodInvocationHelper.java:124)
at org.testng.internal.MethodInvocationHelper.invokeMethodConsideringTimeout(MethodInvocationHelper.java:59)
at org.testng.internal.Invoker.invokeConfigurationMethod(Invoker.java:458)
at org.testng.internal.Invoker.invokeConfigurations(Invoker.java:222)
at org.testng.internal.Invoker.invokeMethod(Invoker.java:536)
at org.testng.internal.Invoker.invokeTestMethod(Invoker.java:719)
at org.testng.internal.Invoker.invokeTestMethods(Invoker.java:989)
at org.testng.internal.TestMethodWorker.invokeTestMethods(TestMethodWorker.java:125)
at org.testng.internal.TestMethodWorker.run(TestMethodWorker.java:109)
at org.testng.TestRunner.privateRun(TestRunner.java:648)
at org.testng.TestRunner.run(TestRunner.java:505)
at org.testng.SuiteRunner.runTest(SuiteRunner.java:455)
at org.testng.SuiteRunner.runSequentially(SuiteRunner.java:450)
at org.testng.SuiteRunner.privateRun(SuiteRunner.java:415)
at org.testng.SuiteRunner.run(SuiteRunner.java:364)
at org.testng.SuiteRunnerWorker.runSuite(SuiteRunnerWorker.java:52)
at org.testng.SuiteRunnerWorker.run(SuiteRunnerWorker.java:84)
at org.testng.TestNG.runSuitesSequentially(TestNG.java:1208)
at org.testng.TestNG.runSuitesLocally(TestNG.java:1137)
at org.testng.TestNG.runSuites(TestNG.java:1049)
at org.testng.TestNG.run(TestNG.java:1017)
at org.testng.remote.AbstractRemoteTestNG.run(AbstractRemoteTestNG.java:115)
at org.testng.remote.RemoteTestNG.initAndRun(RemoteTestNG.java:251)
at org.testng.remote.RemoteTestNG.main(RemoteTestNG.java:77)
]]>
    </error>
  </testcase> <!-- zpostcondition -->
  <testcase name="openApplication" time="0.005" classname="com.justdial.test.ImpCheckListTest">
    <error type="java.lang.IllegalStateException" message="The driver executable does not exist: C:\Users\blrsoft\Downloads\ui-master\JustDailWebAuto\DriverExecutable\chromedriver.exe">
      <![CDATA[java.lang.IllegalStateException: The driver executable does not exist: C:\Users\blrsoft\Downloads\ui-master\JustDailWebAuto\DriverExecutable\chromedriver.exe
at com.google.common.base.Preconditions.checkState(Preconditions.java:585)
at org.openqa.selenium.remote.service.DriverService.checkExecutable(DriverService.java:146)
at org.openqa.selenium.remote.service.DriverService.findExecutable(DriverService.java:141)
at org.openqa.selenium.chrome.ChromeDriverService.access$000(ChromeDriverService.java:35)
at org.openqa.selenium.chrome.ChromeDriverService$Builder.findDefaultExecutable(ChromeDriverService.java:159)
at org.openqa.selenium.remote.service.DriverService$Builder.build(DriverService.java:355)
at org.openqa.selenium.chrome.ChromeDriverService.createDefaultService(ChromeDriverService.java:94)
at org.openqa.selenium.chrome.ChromeDriver.<init>(ChromeDriver.java:157)
at com.justdial.browserconfig.ChromeBrowser.getChromeDriver(ChromeBrowser.java:40)
at com.lifeco.generic.BaseTest.getBrowserObj(BaseTest.java:144)
at com.lifeco.generic.BaseTest.launchBrowser(BaseTest.java:168)
at com.lifeco.generic.BaseTest.openApplication(BaseTest.java:90)
at sun.reflect.NativeMethodAccessorImpl.invoke0(Native Method)
at sun.reflect.NativeMethodAccessorImpl.invoke(Unknown Source)
at sun.reflect.DelegatingMethodAccessorImpl.invoke(Unknown Source)
at java.lang.reflect.Method.invoke(Unknown Source)
at org.testng.internal.MethodInvocationHelper.invokeMethod(MethodInvocationHelper.java:124)
at org.testng.internal.MethodInvocationHelper.invokeMethodConsideringTimeout(MethodInvocationHelper.java:59)
at org.testng.internal.Invoker.invokeConfigurationMethod(Invoker.java:458)
at org.testng.internal.Invoker.invokeConfigurations(Invoker.java:222)
at org.testng.internal.Invoker.invokeMethod(Invoker.java:523)
at org.testng.internal.Invoker.invokeTestMethod(Invoker.java:719)
at org.testng.internal.Invoker.invokeTestMethods(Invoker.java:989)
at org.testng.internal.TestMethodWorker.invokeTestMethods(TestMethodWorker.java:125)
at org.testng.internal.TestMethodWorker.run(TestMethodWorker.java:109)
at org.testng.TestRunner.privateRun(TestRunner.java:648)
at org.testng.TestRunner.run(TestRunner.java:505)
at org.testng.SuiteRunner.runTest(SuiteRunner.java:455)
at org.testng.SuiteRunner.runSequentially(SuiteRunner.java:450)
at org.testng.SuiteRunner.privateRun(SuiteRunner.java:415)
at org.testng.SuiteRunner.run(SuiteRunner.java:364)
at org.testng.SuiteRunnerWorker.runSuite(SuiteRunnerWorker.java:52)
at org.testng.SuiteRunnerWorker.run(SuiteRunnerWorker.java:84)
at org.testng.TestNG.runSuitesSequentially(TestNG.java:1208)
at org.testng.TestNG.runSuitesLocally(TestNG.java:1137)
at org.testng.TestNG.runSuites(TestNG.java:1049)
at org.testng.TestNG.run(TestNG.java:1017)
at org.testng.remote.AbstractRemoteTestNG.run(AbstractRemoteTestNG.java:115)
at org.testng.remote.RemoteTestNG.initAndRun(RemoteTestNG.java:251)
at org.testng.remote.RemoteTestNG.main(RemoteTestNG.java:77)
]]>
    </error>
  </testcase> <!-- openApplication -->
  <testcase name="openApplication" time="0.048" classname="com.justdial.test.ImpCheckListTest">
    <error type="java.lang.IllegalStateException" message="The driver executable does not exist: C:\Users\blrsoft\Downloads\ui-master\JustDailWebAuto\DriverExecutable\chromedriver.exe">
      <![CDATA[java.lang.IllegalStateException: The driver executable does not exist: C:\Users\blrsoft\Downloads\ui-master\JustDailWebAuto\DriverExecutable\chromedriver.exe
at com.google.common.base.Preconditions.checkState(Preconditions.java:585)
at org.openqa.selenium.remote.service.DriverService.checkExecutable(DriverService.java:146)
at org.openqa.selenium.remote.service.DriverService.findExecutable(DriverService.java:141)
at org.openqa.selenium.chrome.ChromeDriverService.access$000(ChromeDriverService.java:35)
at org.openqa.selenium.chrome.ChromeDriverService$Builder.findDefaultExecutable(ChromeDriverService.java:159)
at org.openqa.selenium.remote.service.DriverService$Builder.build(DriverService.java:355)
at org.openqa.selenium.chrome.ChromeDriverService.createDefaultService(ChromeDriverService.java:94)
at org.openqa.selenium.chrome.ChromeDriver.<init>(ChromeDriver.java:157)
at com.justdial.browserconfig.ChromeBrowser.getChromeDriver(ChromeBrowser.java:40)
at com.lifeco.generic.BaseTest.getBrowserObj(BaseTest.java:144)
at com.lifeco.generic.BaseTest.launchBrowser(BaseTest.java:168)
at com.lifeco.generic.BaseTest.openApplication(BaseTest.java:90)
at sun.reflect.NativeMethodAccessorImpl.invoke0(Native Method)
at sun.reflect.NativeMethodAccessorImpl.invoke(Unknown Source)
at sun.reflect.DelegatingMethodAccessorImpl.invoke(Unknown Source)
at java.lang.reflect.Method.invoke(Unknown Source)
at org.testng.internal.MethodInvocationHelper.invokeMethod(MethodInvocationHelper.java:124)
at org.testng.internal.MethodInvocationHelper.invokeMethodConsideringTimeout(MethodInvocationHelper.java:59)
at org.testng.internal.Invoker.invokeConfigurationMethod(Invoker.java:458)
at org.testng.internal.Invoker.invokeConfigurations(Invoker.java:222)
at org.testng.internal.Invoker.invokeMethod(Invoker.java:523)
at org.testng.internal.Invoker.invokeTestMethod(Invoker.java:719)
at org.testng.internal.Invoker.invokeTestMethods(Invoker.java:989)
at org.testng.internal.TestMethodWorker.invokeTestMethods(TestMethodWorker.java:125)
at org.testng.internal.TestMethodWorker.run(TestMethodWorker.java:109)
at org.testng.TestRunner.privateRun(TestRunner.java:648)
at org.testng.TestRunner.run(TestRunner.java:505)
at org.testng.SuiteRunner.runTest(SuiteRunner.java:455)
at org.testng.SuiteRunner.runSequentially(SuiteRunner.java:450)
at org.testng.SuiteRunner.privateRun(SuiteRunner.java:415)
at org.testng.SuiteRunner.run(SuiteRunner.java:364)
at org.testng.SuiteRunnerWorker.runSuite(SuiteRunnerWorker.java:52)
at org.testng.SuiteRunnerWorker.run(SuiteRunnerWorker.java:84)
at org.testng.TestNG.runSuitesSequentially(TestNG.java:1208)
at org.testng.TestNG.runSuitesLocally(TestNG.java:1137)
at org.testng.TestNG.runSuites(TestNG.java:1049)
at org.testng.TestNG.run(TestNG.java:1017)
at org.testng.remote.AbstractRemoteTestNG.run(AbstractRemoteTestNG.java:115)
at org.testng.remote.RemoteTestNG.initAndRun(RemoteTestNG.java:251)
at org.testng.remote.RemoteTestNG.main(RemoteTestNG.java:77)
]]>
    </error>
  </testcase> <!-- openApplication -->
  <testcase name="zpostcondition" time="0.001" classname="com.justdial.test.ImpCheckListTest">
    <error type="java.lang.NullPointerException">
      <![CDATA[java.lang.NullPointerException
at com.lifeco.generic.BaseTest.zpostcondition(BaseTest.java:132)
at sun.reflect.NativeMethodAccessorImpl.invoke0(Native Method)
at sun.reflect.NativeMethodAccessorImpl.invoke(Unknown Source)
at sun.reflect.DelegatingMethodAccessorImpl.invoke(Unknown Source)
at java.lang.reflect.Method.invoke(Unknown Source)
at org.testng.internal.MethodInvocationHelper.invokeMethod(MethodInvocationHelper.java:124)
at org.testng.internal.MethodInvocationHelper.invokeMethodConsideringTimeout(MethodInvocationHelper.java:59)
at org.testng.internal.Invoker.invokeConfigurationMethod(Invoker.java:458)
at org.testng.internal.Invoker.invokeConfigurations(Invoker.java:222)
at org.testng.internal.Invoker.invokeMethod(Invoker.java:536)
at org.testng.internal.Invoker.invokeTestMethod(Invoker.java:719)
at org.testng.internal.Invoker.invokeTestMethods(Invoker.java:989)
at org.testng.internal.TestMethodWorker.invokeTestMethods(TestMethodWorker.java:125)
at org.testng.internal.TestMethodWorker.run(TestMethodWorker.java:109)
at org.testng.TestRunner.privateRun(TestRunner.java:648)
at org.testng.TestRunner.run(TestRunner.java:505)
at org.testng.SuiteRunner.runTest(SuiteRunner.java:455)
at org.testng.SuiteRunner.runSequentially(SuiteRunner.java:450)
at org.testng.SuiteRunner.privateRun(SuiteRunner.java:415)
at org.testng.SuiteRunner.run(SuiteRunner.java:364)
at org.testng.SuiteRunnerWorker.runSuite(SuiteRunnerWorker.java:52)
at org.testng.SuiteRunnerWorker.run(SuiteRunnerWorker.java:84)
at org.testng.TestNG.runSuitesSequentially(TestNG.java:1208)
at org.testng.TestNG.runSuitesLocally(TestNG.java:1137)
at org.testng.TestNG.runSuites(TestNG.java:1049)
at org.testng.TestNG.run(TestNG.java:1017)
at org.testng.remote.AbstractRemoteTestNG.run(AbstractRemoteTestNG.java:115)
at org.testng.remote.RemoteTestNG.initAndRun(RemoteTestNG.java:251)
at org.testng.remote.RemoteTestNG.main(RemoteTestNG.java:77)
]]>
    </error>
  </testcase> <!-- zpostcondition -->
  <testcase name="openApplication" time="0.005" classname="com.justdial.test.ImpCheckListTest">
    <error type="java.lang.IllegalStateException" message="The driver executable does not exist: C:\Users\blrsoft\Downloads\ui-master\JustDailWebAuto\DriverExecutable\chromedriver.exe">
      <![CDATA[java.lang.IllegalStateException: The driver executable does not exist: C:\Users\blrsoft\Downloads\ui-master\JustDailWebAuto\DriverExecutable\chromedriver.exe
at com.google.common.base.Preconditions.checkState(Preconditions.java:585)
at org.openqa.selenium.remote.service.DriverService.checkExecutable(DriverService.java:146)
at org.openqa.selenium.remote.service.DriverService.findExecutable(DriverService.java:141)
at org.openqa.selenium.chrome.ChromeDriverService.access$000(ChromeDriverService.java:35)
at org.openqa.selenium.chrome.ChromeDriverService$Builder.findDefaultExecutable(ChromeDriverService.java:159)
at org.openqa.selenium.remote.service.DriverService$Builder.build(DriverService.java:355)
at org.openqa.selenium.chrome.ChromeDriverService.createDefaultService(ChromeDriverService.java:94)
at org.openqa.selenium.chrome.ChromeDriver.<init>(ChromeDriver.java:157)
at com.justdial.browserconfig.ChromeBrowser.getChromeDriver(ChromeBrowser.java:40)
at com.lifeco.generic.BaseTest.getBrowserObj(BaseTest.java:144)
at com.lifeco.generic.BaseTest.launchBrowser(BaseTest.java:168)
at com.lifeco.generic.BaseTest.openApplication(BaseTest.java:90)
at sun.reflect.NativeMethodAccessorImpl.invoke0(Native Method)
at sun.reflect.NativeMethodAccessorImpl.invoke(Unknown Source)
at sun.reflect.DelegatingMethodAccessorImpl.invoke(Unknown Source)
at java.lang.reflect.Method.invoke(Unknown Source)
at org.testng.internal.MethodInvocationHelper.invokeMethod(MethodInvocationHelper.java:124)
at org.testng.internal.MethodInvocationHelper.invokeMethodConsideringTimeout(MethodInvocationHelper.java:59)
at org.testng.internal.Invoker.invokeConfigurationMethod(Invoker.java:458)
at org.testng.internal.Invoker.invokeConfigurations(Invoker.java:222)
at org.testng.internal.Invoker.invokeMethod(Invoker.java:523)
at org.testng.internal.Invoker.invokeTestMethod(Invoker.java:719)
at org.testng.internal.Invoker.invokeTestMethods(Invoker.java:989)
at org.testng.internal.TestMethodWorker.invokeTestMethods(TestMethodWorker.java:125)
at org.testng.internal.TestMethodWorker.run(TestMethodWorker.java:109)
at org.testng.TestRunner.privateRun(TestRunner.java:648)
at org.testng.TestRunner.run(TestRunner.java:505)
at org.testng.SuiteRunner.runTest(SuiteRunner.java:455)
at org.testng.SuiteRunner.runSequentially(SuiteRunner.java:450)
at org.testng.SuiteRunner.privateRun(SuiteRunner.java:415)
at org.testng.SuiteRunner.run(SuiteRunner.java:364)
at org.testng.SuiteRunnerWorker.runSuite(SuiteRunnerWorker.java:52)
at org.testng.SuiteRunnerWorker.run(SuiteRunnerWorker.java:84)
at org.testng.TestNG.runSuitesSequentially(TestNG.java:1208)
at org.testng.TestNG.runSuitesLocally(TestNG.java:1137)
at org.testng.TestNG.runSuites(TestNG.java:1049)
at org.testng.TestNG.run(TestNG.java:1017)
at org.testng.remote.AbstractRemoteTestNG.run(AbstractRemoteTestNG.java:115)
at org.testng.remote.RemoteTestNG.initAndRun(RemoteTestNG.java:251)
at org.testng.remote.RemoteTestNG.main(RemoteTestNG.java:77)
]]>
    </error>
  </testcase> <!-- openApplication -->
  <testcase name="zpostcondition" time="0.001" classname="com.justdial.test.ImpCheckListTest">
    <error type="java.lang.NullPointerException">
      <![CDATA[java.lang.NullPointerException
at com.lifeco.generic.BaseTest.zpostcondition(BaseTest.java:132)
at sun.reflect.NativeMethodAccessorImpl.invoke0(Native Method)
at sun.reflect.NativeMethodAccessorImpl.invoke(Unknown Source)
at sun.reflect.DelegatingMethodAccessorImpl.invoke(Unknown Source)
at java.lang.reflect.Method.invoke(Unknown Source)
at org.testng.internal.MethodInvocationHelper.invokeMethod(MethodInvocationHelper.java:124)
at org.testng.internal.MethodInvocationHelper.invokeMethodConsideringTimeout(MethodInvocationHelper.java:59)
at org.testng.internal.Invoker.invokeConfigurationMethod(Invoker.java:458)
at org.testng.internal.Invoker.invokeConfigurations(Invoker.java:222)
at org.testng.internal.Invoker.invokeMethod(Invoker.java:536)
at org.testng.internal.Invoker.invokeTestMethod(Invoker.java:719)
at org.testng.internal.Invoker.invokeTestMethods(Invoker.java:989)
at org.testng.internal.TestMethodWorker.invokeTestMethods(TestMethodWorker.java:125)
at org.testng.internal.TestMethodWorker.run(TestMethodWorker.java:109)
at org.testng.TestRunner.privateRun(TestRunner.java:648)
at org.testng.TestRunner.run(TestRunner.java:505)
at org.testng.SuiteRunner.runTest(SuiteRunner.java:455)
at org.testng.SuiteRunner.runSequentially(SuiteRunner.java:450)
at org.testng.SuiteRunner.privateRun(SuiteRunner.java:415)
at org.testng.SuiteRunner.run(SuiteRunner.java:364)
at org.testng.SuiteRunnerWorker.runSuite(SuiteRunnerWorker.java:52)
at org.testng.SuiteRunnerWorker.run(SuiteRunnerWorker.java:84)
at org.testng.TestNG.runSuitesSequentially(TestNG.java:1208)
at org.testng.TestNG.runSuitesLocally(TestNG.java:1137)
at org.testng.TestNG.runSuites(TestNG.java:1049)
at org.testng.TestNG.run(TestNG.java:1017)
at org.testng.remote.AbstractRemoteTestNG.run(AbstractRemoteTestNG.java:115)
at org.testng.remote.RemoteTestNG.initAndRun(RemoteTestNG.java:251)
at org.testng.remote.RemoteTestNG.main(RemoteTestNG.java:77)
]]>
    </error>
  </testcase> <!-- zpostcondition -->
  <testcase name="zpostcondition" time="0.001" classname="com.justdial.test.ImpCheckListTest">
    <error type="java.lang.NullPointerException">
      <![CDATA[java.lang.NullPointerException
at com.lifeco.generic.BaseTest.zpostcondition(BaseTest.java:132)
at sun.reflect.NativeMethodAccessorImpl.invoke0(Native Method)
at sun.reflect.NativeMethodAccessorImpl.invoke(Unknown Source)
at sun.reflect.DelegatingMethodAccessorImpl.invoke(Unknown Source)
at java.lang.reflect.Method.invoke(Unknown Source)
at org.testng.internal.MethodInvocationHelper.invokeMethod(MethodInvocationHelper.java:124)
at org.testng.internal.MethodInvocationHelper.invokeMethodConsideringTimeout(MethodInvocationHelper.java:59)
at org.testng.internal.Invoker.invokeConfigurationMethod(Invoker.java:458)
at org.testng.internal.Invoker.invokeConfigurations(Invoker.java:222)
at org.testng.internal.Invoker.invokeMethod(Invoker.java:536)
at org.testng.internal.Invoker.invokeTestMethod(Invoker.java:719)
at org.testng.internal.Invoker.invokeTestMethods(Invoker.java:989)
at org.testng.internal.TestMethodWorker.invokeTestMethods(TestMethodWorker.java:125)
at org.testng.internal.TestMethodWorker.run(TestMethodWorker.java:109)
at org.testng.TestRunner.privateRun(TestRunner.java:648)
at org.testng.TestRunner.run(TestRunner.java:505)
at org.testng.SuiteRunner.runTest(SuiteRunner.java:455)
at org.testng.SuiteRunner.runSequentially(SuiteRunner.java:450)
at org.testng.SuiteRunner.privateRun(SuiteRunner.java:415)
at org.testng.SuiteRunner.run(SuiteRunner.java:364)
at org.testng.SuiteRunnerWorker.runSuite(SuiteRunnerWorker.java:52)
at org.testng.SuiteRunnerWorker.run(SuiteRunnerWorker.java:84)
at org.testng.TestNG.runSuitesSequentially(TestNG.java:1208)
at org.testng.TestNG.runSuitesLocally(TestNG.java:1137)
at org.testng.TestNG.runSuites(TestNG.java:1049)
at org.testng.TestNG.run(TestNG.java:1017)
at org.testng.remote.AbstractRemoteTestNG.run(AbstractRemoteTestNG.java:115)
at org.testng.remote.RemoteTestNG.initAndRun(RemoteTestNG.java:251)
at org.testng.remote.RemoteTestNG.main(RemoteTestNG.java:77)
]]>
    </error>
  </testcase> <!-- zpostcondition -->
  <testcase name="openApplication" time="0.005" classname="com.justdial.test.ImpCheckListTest">
    <error type="java.lang.IllegalStateException" message="The driver executable does not exist: C:\Users\blrsoft\Downloads\ui-master\JustDailWebAuto\DriverExecutable\chromedriver.exe">
      <![CDATA[java.lang.IllegalStateException: The driver executable does not exist: C:\Users\blrsoft\Downloads\ui-master\JustDailWebAuto\DriverExecutable\chromedriver.exe
at com.google.common.base.Preconditions.checkState(Preconditions.java:585)
at org.openqa.selenium.remote.service.DriverService.checkExecutable(DriverService.java:146)
at org.openqa.selenium.remote.service.DriverService.findExecutable(DriverService.java:141)
at org.openqa.selenium.chrome.ChromeDriverService.access$000(ChromeDriverService.java:35)
at org.openqa.selenium.chrome.ChromeDriverService$Builder.findDefaultExecutable(ChromeDriverService.java:159)
at org.openqa.selenium.remote.service.DriverService$Builder.build(DriverService.java:355)
at org.openqa.selenium.chrome.ChromeDriverService.createDefaultService(ChromeDriverService.java:94)
at org.openqa.selenium.chrome.ChromeDriver.<init>(ChromeDriver.java:157)
at com.justdial.browserconfig.ChromeBrowser.getChromeDriver(ChromeBrowser.java:40)
at com.lifeco.generic.BaseTest.getBrowserObj(BaseTest.java:144)
at com.lifeco.generic.BaseTest.launchBrowser(BaseTest.java:168)
at com.lifeco.generic.BaseTest.openApplication(BaseTest.java:90)
at sun.reflect.NativeMethodAccessorImpl.invoke0(Native Method)
at sun.reflect.NativeMethodAccessorImpl.invoke(Unknown Source)
at sun.reflect.DelegatingMethodAccessorImpl.invoke(Unknown Source)
at java.lang.reflect.Method.invoke(Unknown Source)
at org.testng.internal.MethodInvocationHelper.invokeMethod(MethodInvocationHelper.java:124)
at org.testng.internal.MethodInvocationHelper.invokeMethodConsideringTimeout(MethodInvocationHelper.java:59)
at org.testng.internal.Invoker.invokeConfigurationMethod(Invoker.java:458)
at org.testng.internal.Invoker.invokeConfigurations(Invoker.java:222)
at org.testng.internal.Invoker.invokeMethod(Invoker.java:523)
at org.testng.internal.Invoker.invokeTestMethod(Invoker.java:719)
at org.testng.internal.Invoker.invokeTestMethods(Invoker.java:989)
at org.testng.internal.TestMethodWorker.invokeTestMethods(TestMethodWorker.java:125)
at org.testng.internal.TestMethodWorker.run(TestMethodWorker.java:109)
at org.testng.TestRunner.privateRun(TestRunner.java:648)
at org.testng.TestRunner.run(TestRunner.java:505)
at org.testng.SuiteRunner.runTest(SuiteRunner.java:455)
at org.testng.SuiteRunner.runSequentially(SuiteRunner.java:450)
at org.testng.SuiteRunner.privateRun(SuiteRunner.java:415)
at org.testng.SuiteRunner.run(SuiteRunner.java:364)
at org.testng.SuiteRunnerWorker.runSuite(SuiteRunnerWorker.java:52)
at org.testng.SuiteRunnerWorker.run(SuiteRunnerWorker.java:84)
at org.testng.TestNG.runSuitesSequentially(TestNG.java:1208)
at org.testng.TestNG.runSuitesLocally(TestNG.java:1137)
at org.testng.TestNG.runSuites(TestNG.java:1049)
at org.testng.TestNG.run(TestNG.java:1017)
at org.testng.remote.AbstractRemoteTestNG.run(AbstractRemoteTestNG.java:115)
at org.testng.remote.RemoteTestNG.initAndRun(RemoteTestNG.java:251)
at org.testng.remote.RemoteTestNG.main(RemoteTestNG.java:77)
]]>
    </error>
  </testcase> <!-- openApplication -->
  <testcase name="openApplication" time="0.006" classname="com.justdial.test.ImpCheckListTest">
    <error type="java.lang.IllegalStateException" message="The driver executable does not exist: C:\Users\blrsoft\Downloads\ui-master\JustDailWebAuto\DriverExecutable\chromedriver.exe">
      <![CDATA[java.lang.IllegalStateException: The driver executable does not exist: C:\Users\blrsoft\Downloads\ui-master\JustDailWebAuto\DriverExecutable\chromedriver.exe
at com.google.common.base.Preconditions.checkState(Preconditions.java:585)
at org.openqa.selenium.remote.service.DriverService.checkExecutable(DriverService.java:146)
at org.openqa.selenium.remote.service.DriverService.findExecutable(DriverService.java:141)
at org.openqa.selenium.chrome.ChromeDriverService.access$000(ChromeDriverService.java:35)
at org.openqa.selenium.chrome.ChromeDriverService$Builder.findDefaultExecutable(ChromeDriverService.java:159)
at org.openqa.selenium.remote.service.DriverService$Builder.build(DriverService.java:355)
at org.openqa.selenium.chrome.ChromeDriverService.createDefaultService(ChromeDriverService.java:94)
at org.openqa.selenium.chrome.ChromeDriver.<init>(ChromeDriver.java:157)
at com.justdial.browserconfig.ChromeBrowser.getChromeDriver(ChromeBrowser.java:40)
at com.lifeco.generic.BaseTest.getBrowserObj(BaseTest.java:144)
at com.lifeco.generic.BaseTest.launchBrowser(BaseTest.java:168)
at com.lifeco.generic.BaseTest.openApplication(BaseTest.java:90)
at sun.reflect.NativeMethodAccessorImpl.invoke0(Native Method)
at sun.reflect.NativeMethodAccessorImpl.invoke(Unknown Source)
at sun.reflect.DelegatingMethodAccessorImpl.invoke(Unknown Source)
at java.lang.reflect.Method.invoke(Unknown Source)
at org.testng.internal.MethodInvocationHelper.invokeMethod(MethodInvocationHelper.java:124)
at org.testng.internal.MethodInvocationHelper.invokeMethodConsideringTimeout(MethodInvocationHelper.java:59)
at org.testng.internal.Invoker.invokeConfigurationMethod(Invoker.java:458)
at org.testng.internal.Invoker.invokeConfigurations(Invoker.java:222)
at org.testng.internal.Invoker.invokeMethod(Invoker.java:523)
at org.testng.internal.Invoker.invokeTestMethod(Invoker.java:719)
at org.testng.internal.Invoker.invokeTestMethods(Invoker.java:989)
at org.testng.internal.TestMethodWorker.invokeTestMethods(TestMethodWorker.java:125)
at org.testng.internal.TestMethodWorker.run(TestMethodWorker.java:109)
at org.testng.TestRunner.privateRun(TestRunner.java:648)
at org.testng.TestRunner.run(TestRunner.java:505)
at org.testng.SuiteRunner.runTest(SuiteRunner.java:455)
at org.testng.SuiteRunner.runSequentially(SuiteRunner.java:450)
at org.testng.SuiteRunner.privateRun(SuiteRunner.java:415)
at org.testng.SuiteRunner.run(SuiteRunner.java:364)
at org.testng.SuiteRunnerWorker.runSuite(SuiteRunnerWorker.java:52)
at org.testng.SuiteRunnerWorker.run(SuiteRunnerWorker.java:84)
at org.testng.TestNG.runSuitesSequentially(TestNG.java:1208)
at org.testng.TestNG.runSuitesLocally(TestNG.java:1137)
at org.testng.TestNG.runSuites(TestNG.java:1049)
at org.testng.TestNG.run(TestNG.java:1017)
at org.testng.remote.AbstractRemoteTestNG.run(AbstractRemoteTestNG.java:115)
at org.testng.remote.RemoteTestNG.initAndRun(RemoteTestNG.java:251)
at org.testng.remote.RemoteTestNG.main(RemoteTestNG.java:77)
]]>
    </error>
  </testcase> <!-- openApplication -->
  <testcase name="zpostcondition" time="0.003" classname="com.justdial.test.ImpCheckListTest">
    <error type="java.lang.NullPointerException">
      <![CDATA[java.lang.NullPointerException
at com.lifeco.generic.BaseTest.zpostcondition(BaseTest.java:132)
at sun.reflect.NativeMethodAccessorImpl.invoke0(Native Method)
at sun.reflect.NativeMethodAccessorImpl.invoke(Unknown Source)
at sun.reflect.DelegatingMethodAccessorImpl.invoke(Unknown Source)
at java.lang.reflect.Method.invoke(Unknown Source)
at org.testng.internal.MethodInvocationHelper.invokeMethod(MethodInvocationHelper.java:124)
at org.testng.internal.MethodInvocationHelper.invokeMethodConsideringTimeout(MethodInvocationHelper.java:59)
at org.testng.internal.Invoker.invokeConfigurationMethod(Invoker.java:458)
at org.testng.internal.Invoker.invokeConfigurations(Invoker.java:222)
at org.testng.internal.Invoker.invokeMethod(Invoker.java:536)
at org.testng.internal.Invoker.invokeTestMethod(Invoker.java:719)
at org.testng.internal.Invoker.invokeTestMethods(Invoker.java:989)
at org.testng.internal.TestMethodWorker.invokeTestMethods(TestMethodWorker.java:125)
at org.testng.internal.TestMethodWorker.run(TestMethodWorker.java:109)
at org.testng.TestRunner.privateRun(TestRunner.java:648)
at org.testng.TestRunner.run(TestRunner.java:505)
at org.testng.SuiteRunner.runTest(SuiteRunner.java:455)
at org.testng.SuiteRunner.runSequentially(SuiteRunner.java:450)
at org.testng.SuiteRunner.privateRun(SuiteRunner.java:415)
at org.testng.SuiteRunner.run(SuiteRunner.java:364)
at org.testng.SuiteRunnerWorker.runSuite(SuiteRunnerWorker.java:52)
at org.testng.SuiteRunnerWorker.run(SuiteRunnerWorker.java:84)
at org.testng.TestNG.runSuitesSequentially(TestNG.java:1208)
at org.testng.TestNG.runSuitesLocally(TestNG.java:1137)
at org.testng.TestNG.runSuites(TestNG.java:1049)
at org.testng.TestNG.run(TestNG.java:1017)
at org.testng.remote.AbstractRemoteTestNG.run(AbstractRemoteTestNG.java:115)
at org.testng.remote.RemoteTestNG.initAndRun(RemoteTestNG.java:251)
at org.testng.remote.RemoteTestNG.main(RemoteTestNG.java:77)
]]>
    </error>
  </testcase> <!-- zpostcondition -->
  <testcase name="zpostcondition" time="0.001" classname="com.justdial.test.ImpCheckListTest">
    <error type="java.lang.NullPointerException">
      <![CDATA[java.lang.NullPointerException
at com.lifeco.generic.BaseTest.zpostcondition(BaseTest.java:132)
at sun.reflect.NativeMethodAccessorImpl.invoke0(Native Method)
at sun.reflect.NativeMethodAccessorImpl.invoke(Unknown Source)
at sun.reflect.DelegatingMethodAccessorImpl.invoke(Unknown Source)
at java.lang.reflect.Method.invoke(Unknown Source)
at org.testng.internal.MethodInvocationHelper.invokeMethod(MethodInvocationHelper.java:124)
at org.testng.internal.MethodInvocationHelper.invokeMethodConsideringTimeout(MethodInvocationHelper.java:59)
at org.testng.internal.Invoker.invokeConfigurationMethod(Invoker.java:458)
at org.testng.internal.Invoker.invokeConfigurations(Invoker.java:222)
at org.testng.internal.Invoker.invokeMethod(Invoker.java:536)
at org.testng.internal.Invoker.invokeTestMethod(Invoker.java:719)
at org.testng.internal.Invoker.invokeTestMethods(Invoker.java:989)
at org.testng.internal.TestMethodWorker.invokeTestMethods(TestMethodWorker.java:125)
at org.testng.internal.TestMethodWorker.run(TestMethodWorker.java:109)
at org.testng.TestRunner.privateRun(TestRunner.java:648)
at org.testng.TestRunner.run(TestRunner.java:505)
at org.testng.SuiteRunner.runTest(SuiteRunner.java:455)
at org.testng.SuiteRunner.runSequentially(SuiteRunner.java:450)
at org.testng.SuiteRunner.privateRun(SuiteRunner.java:415)
at org.testng.SuiteRunner.run(SuiteRunner.java:364)
at org.testng.SuiteRunnerWorker.runSuite(SuiteRunnerWorker.java:52)
at org.testng.SuiteRunnerWorker.run(SuiteRunnerWorker.java:84)
at org.testng.TestNG.runSuitesSequentially(TestNG.java:1208)
at org.testng.TestNG.runSuitesLocally(TestNG.java:1137)
at org.testng.TestNG.runSuites(TestNG.java:1049)
at org.testng.TestNG.run(TestNG.java:1017)
at org.testng.remote.AbstractRemoteTestNG.run(AbstractRemoteTestNG.java:115)
at org.testng.remote.RemoteTestNG.initAndRun(RemoteTestNG.java:251)
at org.testng.remote.RemoteTestNG.main(RemoteTestNG.java:77)
]]>
    </error>
  </testcase> <!-- zpostcondition -->
  <testcase name="zpostcondition" time="0.000" classname="com.justdial.test.ImpCheckListTest">
    <error type="java.lang.NullPointerException">
      <![CDATA[java.lang.NullPointerException
at com.lifeco.generic.BaseTest.zpostcondition(BaseTest.java:132)
at sun.reflect.NativeMethodAccessorImpl.invoke0(Native Method)
at sun.reflect.NativeMethodAccessorImpl.invoke(Unknown Source)
at sun.reflect.DelegatingMethodAccessorImpl.invoke(Unknown Source)
at java.lang.reflect.Method.invoke(Unknown Source)
at org.testng.internal.MethodInvocationHelper.invokeMethod(MethodInvocationHelper.java:124)
at org.testng.internal.MethodInvocationHelper.invokeMethodConsideringTimeout(MethodInvocationHelper.java:59)
at org.testng.internal.Invoker.invokeConfigurationMethod(Invoker.java:458)
at org.testng.internal.Invoker.invokeConfigurations(Invoker.java:222)
at org.testng.internal.Invoker.invokeMethod(Invoker.java:536)
at org.testng.internal.Invoker.invokeTestMethod(Invoker.java:719)
at org.testng.internal.Invoker.invokeTestMethods(Invoker.java:989)
at org.testng.internal.TestMethodWorker.invokeTestMethods(TestMethodWorker.java:125)
at org.testng.internal.TestMethodWorker.run(TestMethodWorker.java:109)
at org.testng.TestRunner.privateRun(TestRunner.java:648)
at org.testng.TestRunner.run(TestRunner.java:505)
at org.testng.SuiteRunner.runTest(SuiteRunner.java:455)
at org.testng.SuiteRunner.runSequentially(SuiteRunner.java:450)
at org.testng.SuiteRunner.privateRun(SuiteRunner.java:415)
at org.testng.SuiteRunner.run(SuiteRunner.java:364)
at org.testng.SuiteRunnerWorker.runSuite(SuiteRunnerWorker.java:52)
at org.testng.SuiteRunnerWorker.run(SuiteRunnerWorker.java:84)
at org.testng.TestNG.runSuitesSequentially(TestNG.java:1208)
at org.testng.TestNG.runSuitesLocally(TestNG.java:1137)
at org.testng.TestNG.runSuites(TestNG.java:1049)
at org.testng.TestNG.run(TestNG.java:1017)
at org.testng.remote.AbstractRemoteTestNG.run(AbstractRemoteTestNG.java:115)
at org.testng.remote.RemoteTestNG.initAndRun(RemoteTestNG.java:251)
at org.testng.remote.RemoteTestNG.main(RemoteTestNG.java:77)
]]>
    </error>
  </testcase> <!-- zpostcondition -->
  <testcase name="openApplication" time="0.005" classname="com.justdial.test.ImpCheckListTest">
    <error type="java.lang.IllegalStateException" message="The driver executable does not exist: C:\Users\blrsoft\Downloads\ui-master\JustDailWebAuto\DriverExecutable\chromedriver.exe">
      <![CDATA[java.lang.IllegalStateException: The driver executable does not exist: C:\Users\blrsoft\Downloads\ui-master\JustDailWebAuto\DriverExecutable\chromedriver.exe
at com.google.common.base.Preconditions.checkState(Preconditions.java:585)
at org.openqa.selenium.remote.service.DriverService.checkExecutable(DriverService.java:146)
at org.openqa.selenium.remote.service.DriverService.findExecutable(DriverService.java:141)
at org.openqa.selenium.chrome.ChromeDriverService.access$000(ChromeDriverService.java:35)
at org.openqa.selenium.chrome.ChromeDriverService$Builder.findDefaultExecutable(ChromeDriverService.java:159)
at org.openqa.selenium.remote.service.DriverService$Builder.build(DriverService.java:355)
at org.openqa.selenium.chrome.ChromeDriverService.createDefaultService(ChromeDriverService.java:94)
at org.openqa.selenium.chrome.ChromeDriver.<init>(ChromeDriver.java:157)
at com.justdial.browserconfig.ChromeBrowser.getChromeDriver(ChromeBrowser.java:40)
at com.lifeco.generic.BaseTest.getBrowserObj(BaseTest.java:144)
at com.lifeco.generic.BaseTest.launchBrowser(BaseTest.java:168)
at com.lifeco.generic.BaseTest.openApplication(BaseTest.java:90)
at sun.reflect.NativeMethodAccessorImpl.invoke0(Native Method)
at sun.reflect.NativeMethodAccessorImpl.invoke(Unknown Source)
at sun.reflect.DelegatingMethodAccessorImpl.invoke(Unknown Source)
at java.lang.reflect.Method.invoke(Unknown Source)
at org.testng.internal.MethodInvocationHelper.invokeMethod(MethodInvocationHelper.java:124)
at org.testng.internal.MethodInvocationHelper.invokeMethodConsideringTimeout(MethodInvocationHelper.java:59)
at org.testng.internal.Invoker.invokeConfigurationMethod(Invoker.java:458)
at org.testng.internal.Invoker.invokeConfigurations(Invoker.java:222)
at org.testng.internal.Invoker.invokeMethod(Invoker.java:523)
at org.testng.internal.Invoker.invokeTestMethod(Invoker.java:719)
at org.testng.internal.Invoker.invokeTestMethods(Invoker.java:989)
at org.testng.internal.TestMethodWorker.invokeTestMethods(TestMethodWorker.java:125)
at org.testng.internal.TestMethodWorker.run(TestMethodWorker.java:109)
at org.testng.TestRunner.privateRun(TestRunner.java:648)
at org.testng.TestRunner.run(TestRunner.java:505)
at org.testng.SuiteRunner.runTest(SuiteRunner.java:455)
at org.testng.SuiteRunner.runSequentially(SuiteRunner.java:450)
at org.testng.SuiteRunner.privateRun(SuiteRunner.java:415)
at org.testng.SuiteRunner.run(SuiteRunner.java:364)
at org.testng.SuiteRunnerWorker.runSuite(SuiteRunnerWorker.java:52)
at org.testng.SuiteRunnerWorker.run(SuiteRunnerWorker.java:84)
at org.testng.TestNG.runSuitesSequentially(TestNG.java:1208)
at org.testng.TestNG.runSuitesLocally(TestNG.java:1137)
at org.testng.TestNG.runSuites(TestNG.java:1049)
at org.testng.TestNG.run(TestNG.java:1017)
at org.testng.remote.AbstractRemoteTestNG.run(AbstractRemoteTestNG.java:115)
at org.testng.remote.RemoteTestNG.initAndRun(RemoteTestNG.java:251)
at org.testng.remote.RemoteTestNG.main(RemoteTestNG.java:77)
]]>
    </error>
  </testcase> <!-- openApplication -->
  <testcase name="openApplication" time="0.007" classname="com.justdial.test.ImpCheckListTest">
    <error type="java.lang.IllegalStateException" message="The driver executable does not exist: C:\Users\blrsoft\Downloads\ui-master\JustDailWebAuto\DriverExecutable\chromedriver.exe">
      <![CDATA[java.lang.IllegalStateException: The driver executable does not exist: C:\Users\blrsoft\Downloads\ui-master\JustDailWebAuto\DriverExecutable\chromedriver.exe
at com.google.common.base.Preconditions.checkState(Preconditions.java:585)
at org.openqa.selenium.remote.service.DriverService.checkExecutable(DriverService.java:146)
at org.openqa.selenium.remote.service.DriverService.findExecutable(DriverService.java:141)
at org.openqa.selenium.chrome.ChromeDriverService.access$000(ChromeDriverService.java:35)
at org.openqa.selenium.chrome.ChromeDriverService$Builder.findDefaultExecutable(ChromeDriverService.java:159)
at org.openqa.selenium.remote.service.DriverService$Builder.build(DriverService.java:355)
at org.openqa.selenium.chrome.ChromeDriverService.createDefaultService(ChromeDriverService.java:94)
at org.openqa.selenium.chrome.ChromeDriver.<init>(ChromeDriver.java:157)
at com.justdial.browserconfig.ChromeBrowser.getChromeDriver(ChromeBrowser.java:40)
at com.lifeco.generic.BaseTest.getBrowserObj(BaseTest.java:144)
at com.lifeco.generic.BaseTest.launchBrowser(BaseTest.java:168)
at com.lifeco.generic.BaseTest.openApplication(BaseTest.java:90)
at sun.reflect.NativeMethodAccessorImpl.invoke0(Native Method)
at sun.reflect.NativeMethodAccessorImpl.invoke(Unknown Source)
at sun.reflect.DelegatingMethodAccessorImpl.invoke(Unknown Source)
at java.lang.reflect.Method.invoke(Unknown Source)
at org.testng.internal.MethodInvocationHelper.invokeMethod(MethodInvocationHelper.java:124)
at org.testng.internal.MethodInvocationHelper.invokeMethodConsideringTimeout(MethodInvocationHelper.java:59)
at org.testng.internal.Invoker.invokeConfigurationMethod(Invoker.java:458)
at org.testng.internal.Invoker.invokeConfigurations(Invoker.java:222)
at org.testng.internal.Invoker.invokeMethod(Invoker.java:523)
at org.testng.internal.Invoker.invokeTestMethod(Invoker.java:719)
at org.testng.internal.Invoker.invokeTestMethods(Invoker.java:989)
at org.testng.internal.TestMethodWorker.invokeTestMethods(TestMethodWorker.java:125)
at org.testng.internal.TestMethodWorker.run(TestMethodWorker.java:109)
at org.testng.TestRunner.privateRun(TestRunner.java:648)
at org.testng.TestRunner.run(TestRunner.java:505)
at org.testng.SuiteRunner.runTest(SuiteRunner.java:455)
at org.testng.SuiteRunner.runSequentially(SuiteRunner.java:450)
at org.testng.SuiteRunner.privateRun(SuiteRunner.java:415)
at org.testng.SuiteRunner.run(SuiteRunner.java:364)
at org.testng.SuiteRunnerWorker.runSuite(SuiteRunnerWorker.java:52)
at org.testng.SuiteRunnerWorker.run(SuiteRunnerWorker.java:84)
at org.testng.TestNG.runSuitesSequentially(TestNG.java:1208)
at org.testng.TestNG.runSuitesLocally(TestNG.java:1137)
at org.testng.TestNG.runSuites(TestNG.java:1049)
at org.testng.TestNG.run(TestNG.java:1017)
at org.testng.remote.AbstractRemoteTestNG.run(AbstractRemoteTestNG.java:115)
at org.testng.remote.RemoteTestNG.initAndRun(RemoteTestNG.java:251)
at org.testng.remote.RemoteTestNG.main(RemoteTestNG.java:77)
]]>
    </error>
  </testcase> <!-- openApplication -->
  <testcase name="movieSearchCheckList23" time="0.000" classname="com.justdial.test.ImpCheckListTest">
    <skipped/>
  </testcase> <!-- movieSearchCheckList23 -->
  <testcase name="movieSearchCheckList23" time="0.000" classname="com.justdial.test.ImpCheckListTest">
    <skipped/>
  </testcase> <!-- movieSearchCheckList23 -->
  <testcase name="movieSearchCheckList23" time="0.000" classname="com.justdial.test.ImpCheckListTest">
    <skipped/>
  </testcase> <!-- movieSearchCheckList23 -->
  <testcase name="movieSearchCheckList23" time="0.000" classname="com.justdial.test.ImpCheckListTest">
    <skipped/>
  </testcase> <!-- movieSearchCheckList23 -->
  <testcase name="shopfrontProductSearchCheckList86" time="0.000" classname="com.justdial.test.ImpCheckListTest">
    <skipped/>
  </testcase> <!-- shopfrontProductSearchCheckList86 -->
  <testcase name="shopfrontProductSearchCheckList86" time="0.000" classname="com.justdial.test.ImpCheckListTest">
    <skipped/>
  </testcase> <!-- shopfrontProductSearchCheckList86 -->
  <testcase name="shopfrontProductSearchCheckList86" time="0.000" classname="com.justdial.test.ImpCheckListTest">
    <skipped/>
  </testcase> <!-- shopfrontProductSearchCheckList86 -->
  <testcase name="shopfrontProductSearchCheckList86" time="0.000" classname="com.justdial.test.ImpCheckListTest">
    <skipped/>
  </testcase> <!-- shopfrontProductSearchCheckList86 -->
  <testcase name="movieFreeTextSearchAreaCheckList30" classname="com.justdial.test.ImpCheckListTest">
    <skipped/>
  </testcase> <!-- movieFreeTextSearchAreaCheckList30 -->
  <testcase name="movieFreeTextSearchAreaCheckList30" classname="com.justdial.test.ImpCheckListTest">
    <skipped/>
  </testcase> <!-- movieFreeTextSearchAreaCheckList30 -->
  <testcase name="movieFreeTextSearchAreaCheckList30" classname="com.justdial.test.ImpCheckListTest">
    <skipped/>
  </testcase> <!-- movieFreeTextSearchAreaCheckList30 -->
  <testcase name="movieFreeTextSearchAreaCheckList30" classname="com.justdial.test.ImpCheckListTest">
    <skipped/>
  </testcase> <!-- movieFreeTextSearchAreaCheckList30 -->
  <testcase name="specificProductSearchCheckList21" classname="com.justdial.test.ImpCheckListTest">
    <skipped/>
  </testcase> <!-- specificProductSearchCheckList21 -->
  <testcase name="specificProductSearchCheckList21" classname="com.justdial.test.ImpCheckListTest">
    <skipped/>
  </testcase> <!-- specificProductSearchCheckList21 -->
  <testcase name="specificProductSearchCheckList21" classname="com.justdial.test.ImpCheckListTest">
    <skipped/>
  </testcase> <!-- specificProductSearchCheckList21 -->
  <testcase name="specificProductSearchCheckList21" classname="com.justdial.test.ImpCheckListTest">
    <skipped/>
  </testcase> <!-- specificProductSearchCheckList21 -->
  <testcase name="hotelFreeTextSearchCheckList28" classname="com.justdial.test.ImpCheckListTest">
    <skipped/>
  </testcase> <!-- hotelFreeTextSearchCheckList28 -->
  <testcase name="hotelFreeTextSearchCheckList28" classname="com.justdial.test.ImpCheckListTest">
    <skipped/>
  </testcase> <!-- hotelFreeTextSearchCheckList28 -->
  <testcase name="hotelFreeTextSearchCheckList28" classname="com.justdial.test.ImpCheckListTest">
    <skipped/>
  </testcase> <!-- hotelFreeTextSearchCheckList28 -->
  <testcase name="hotelFreeTextSearchCheckList28" classname="com.justdial.test.ImpCheckListTest">
    <skipped/>
  </testcase> <!-- hotelFreeTextSearchCheckList28 -->
  <testcase name="verifyShareFunctionaliyCheckList93" classname="com.justdial.test.ImpCheckListTest">
    <skipped/>
  </testcase> <!-- verifyShareFunctionaliyCheckList93 -->
  <testcase name="verifyShareFunctionaliyCheckList93" classname="com.justdial.test.ImpCheckListTest">
    <skipped/>
  </testcase> <!-- verifyShareFunctionaliyCheckList93 -->
  <testcase name="verifyShareFunctionaliyCheckList93" classname="com.justdial.test.ImpCheckListTest">
    <skipped/>
  </testcase> <!-- verifyShareFunctionaliyCheckList93 -->
  <testcase name="verifyShareFunctionaliyCheckList93" classname="com.justdial.test.ImpCheckListTest">
    <skipped/>
  </testcase> <!-- verifyShareFunctionaliyCheckList93 -->
  <testcase name="verifyReportIssueCheckList121" classname="com.justdial.test.ImpCheckListTest">
    <skipped/>
  </testcase> <!-- verifyReportIssueCheckList121 -->
  <testcase name="verifyReportIssueCheckList121" classname="com.justdial.test.ImpCheckListTest">
    <skipped/>
  </testcase> <!-- verifyReportIssueCheckList121 -->
  <testcase name="verifyReportIssueCheckList121" classname="com.justdial.test.ImpCheckListTest">
    <skipped/>
  </testcase> <!-- verifyReportIssueCheckList121 -->
  <testcase name="verifyReportIssueCheckList121" classname="com.justdial.test.ImpCheckListTest">
    <skipped/>
  </testcase> <!-- verifyReportIssueCheckList121 -->
  <testcase name="verifyShareFunctionaliyMoviesCheckList93" classname="com.justdial.test.ImpCheckListTest">
    <skipped/>
  </testcase> <!-- verifyShareFunctionaliyMoviesCheckList93 -->
  <testcase name="verifyShareFunctionaliyMoviesCheckList93" classname="com.justdial.test.ImpCheckListTest">
    <skipped/>
  </testcase> <!-- verifyShareFunctionaliyMoviesCheckList93 -->
  <testcase name="verifyShareFunctionaliyMoviesCheckList93" classname="com.justdial.test.ImpCheckListTest">
    <skipped/>
  </testcase> <!-- verifyShareFunctionaliyMoviesCheckList93 -->
  <testcase name="verifyShareFunctionaliyMoviesCheckList93" classname="com.justdial.test.ImpCheckListTest">
    <skipped/>
  </testcase> <!-- verifyShareFunctionaliyMoviesCheckList93 -->
  <testcase name="brandProductSearchCheckList20" classname="com.justdial.test.ImpCheckListTest">
    <skipped/>
  </testcase> <!-- brandProductSearchCheckList20 -->
  <testcase name="brandProductSearchCheckList20" classname="com.justdial.test.ImpCheckListTest">
    <skipped/>
  </testcase> <!-- brandProductSearchCheckList20 -->
  <testcase name="brandProductSearchCheckList20" classname="com.justdial.test.ImpCheckListTest">
    <skipped/>
  </testcase> <!-- brandProductSearchCheckList20 -->
  <testcase name="brandProductSearchCheckList20" classname="com.justdial.test.ImpCheckListTest">
    <skipped/>
  </testcase> <!-- brandProductSearchCheckList20 -->
  <testcase name="VerifyShopfrontProductSearchAndRedirectionCheckList85" classname="com.justdial.test.ImpCheckListTest">
    <skipped/>
  </testcase> <!-- VerifyShopfrontProductSearchAndRedirectionCheckList85 -->
  <testcase name="VerifyShopfrontProductSearchAndRedirectionCheckList85" classname="com.justdial.test.ImpCheckListTest">
    <skipped/>
  </testcase> <!-- VerifyShopfrontProductSearchAndRedirectionCheckList85 -->
  <testcase name="VerifyShopfrontProductSearchAndRedirectionCheckList85" classname="com.justdial.test.ImpCheckListTest">
    <skipped/>
  </testcase> <!-- VerifyShopfrontProductSearchAndRedirectionCheckList85 -->
  <testcase name="VerifyShopfrontProductSearchAndRedirectionCheckList85" classname="com.justdial.test.ImpCheckListTest">
    <skipped/>
  </testcase> <!-- VerifyShopfrontProductSearchAndRedirectionCheckList85 -->
  <testcase name="singleBoxAutoSuggestCheckList52" classname="com.justdial.test.ImpCheckListTest">
    <skipped/>
  </testcase> <!-- singleBoxAutoSuggestCheckList52 -->
  <testcase name="singleBoxAutoSuggestCheckList52" classname="com.justdial.test.ImpCheckListTest">
    <skipped/>
  </testcase> <!-- singleBoxAutoSuggestCheckList52 -->
  <testcase name="singleBoxAutoSuggestCheckList52" classname="com.justdial.test.ImpCheckListTest">
    <skipped/>
  </testcase> <!-- singleBoxAutoSuggestCheckList52 -->
  <testcase name="singleBoxAutoSuggestCheckList52" classname="com.justdial.test.ImpCheckListTest">
    <skipped/>
  </testcase> <!-- singleBoxAutoSuggestCheckList52 -->
  <testcase name="movieSearchCheckListWithArea22" classname="com.justdial.test.ImpCheckListTest">
    <skipped/>
  </testcase> <!-- movieSearchCheckListWithArea22 -->
  <testcase name="movieSearchCheckListWithArea22" classname="com.justdial.test.ImpCheckListTest">
    <skipped/>
  </testcase> <!-- movieSearchCheckListWithArea22 -->
  <testcase name="movieSearchCheckListWithArea22" classname="com.justdial.test.ImpCheckListTest">
    <skipped/>
  </testcase> <!-- movieSearchCheckListWithArea22 -->
  <testcase name="movieSearchCheckListWithArea22" classname="com.justdial.test.ImpCheckListTest">
    <skipped/>
  </testcase> <!-- movieSearchCheckListWithArea22 -->
  <testcase name="defaultCitySuggestCheckList51" classname="com.justdial.test.ImpCheckListTest">
    <skipped/>
  </testcase> <!-- defaultCitySuggestCheckList51 -->
  <testcase name="defaultCitySuggestCheckList51" classname="com.justdial.test.ImpCheckListTest">
    <skipped/>
  </testcase> <!-- defaultCitySuggestCheckList51 -->
  <testcase name="defaultCitySuggestCheckList51" classname="com.justdial.test.ImpCheckListTest">
    <skipped/>
  </testcase> <!-- defaultCitySuggestCheckList51 -->
  <testcase name="defaultCitySuggestCheckList51" classname="com.justdial.test.ImpCheckListTest">
    <skipped/>
  </testcase> <!-- defaultCitySuggestCheckList51 -->
  <testcase name="verirfyCreationOfFreeListingCheckList110" classname="com.justdial.test.ImpCheckListTest">
    <skipped/>
  </testcase> <!-- verirfyCreationOfFreeListingCheckList110 -->
  <testcase name="verirfyCreationOfFreeListingCheckList110" classname="com.justdial.test.ImpCheckListTest">
    <skipped/>
  </testcase> <!-- verirfyCreationOfFreeListingCheckList110 -->
  <testcase name="verirfyCreationOfFreeListingCheckList110" classname="com.justdial.test.ImpCheckListTest">
    <skipped/>
  </testcase> <!-- verirfyCreationOfFreeListingCheckList110 -->
  <testcase name="verirfyCreationOfFreeListingCheckList110" classname="com.justdial.test.ImpCheckListTest">
    <skipped/>
  </testcase> <!-- verirfyCreationOfFreeListingCheckList110 -->
  <testcase name="verifyUploadPhotoDetailsCheckList119" classname="com.justdial.test.ImpCheckListTest">
    <skipped/>
  </testcase> <!-- verifyUploadPhotoDetailsCheckList119 -->
  <testcase name="verifyUploadPhotoDetailsCheckList119" classname="com.justdial.test.ImpCheckListTest">
    <skipped/>
  </testcase> <!-- verifyUploadPhotoDetailsCheckList119 -->
  <testcase name="verifyUploadPhotoDetailsCheckList119" classname="com.justdial.test.ImpCheckListTest">
    <skipped/>
  </testcase> <!-- verifyUploadPhotoDetailsCheckList119 -->
  <testcase name="verifyUploadPhotoDetailsCheckList119" classname="com.justdial.test.ImpCheckListTest">
    <skipped/>
  </testcase> <!-- verifyUploadPhotoDetailsCheckList119 -->
  <testcase name="famousBrandAutoSuggestCheckList53" classname="com.justdial.test.ImpCheckListTest">
    <skipped/>
  </testcase> <!-- famousBrandAutoSuggestCheckList53 -->
  <testcase name="famousBrandAutoSuggestCheckList53" classname="com.justdial.test.ImpCheckListTest">
    <skipped/>
  </testcase> <!-- famousBrandAutoSuggestCheckList53 -->
  <testcase name="famousBrandAutoSuggestCheckList53" classname="com.justdial.test.ImpCheckListTest">
    <skipped/>
  </testcase> <!-- famousBrandAutoSuggestCheckList53 -->
  <testcase name="famousBrandAutoSuggestCheckList53" classname="com.justdial.test.ImpCheckListTest">
    <skipped/>
  </testcase> <!-- famousBrandAutoSuggestCheckList53 -->
  <testcase name="categoryFreeTextSearchCheckList28" classname="com.justdial.test.ImpCheckListTest">
    <skipped/>
  </testcase> <!-- categoryFreeTextSearchCheckList28 -->
  <testcase name="categoryFreeTextSearchCheckList28" classname="com.justdial.test.ImpCheckListTest">
    <skipped/>
  </testcase> <!-- categoryFreeTextSearchCheckList28 -->
  <testcase name="categoryFreeTextSearchCheckList28" classname="com.justdial.test.ImpCheckListTest">
    <skipped/>
  </testcase> <!-- categoryFreeTextSearchCheckList28 -->
  <testcase name="categoryFreeTextSearchCheckList28" classname="com.justdial.test.ImpCheckListTest">
    <skipped/>
  </testcase> <!-- categoryFreeTextSearchCheckList28 -->
  <testcase name="productFreeTextAreaSearchCheckList32" classname="com.justdial.test.ImpCheckListTest">
    <skipped/>
  </testcase> <!-- productFreeTextAreaSearchCheckList32 -->
  <testcase name="productFreeTextAreaSearchCheckList32" classname="com.justdial.test.ImpCheckListTest">
    <skipped/>
  </testcase> <!-- productFreeTextAreaSearchCheckList32 -->
  <testcase name="productFreeTextAreaSearchCheckList32" classname="com.justdial.test.ImpCheckListTest">
    <skipped/>
  </testcase> <!-- productFreeTextAreaSearchCheckList32 -->
  <testcase name="productFreeTextAreaSearchCheckList32" classname="com.justdial.test.ImpCheckListTest">
    <skipped/>
  </testcase> <!-- productFreeTextAreaSearchCheckList32 -->
  <testcase name="productFreeTextSearchCheckList31" classname="com.justdial.test.ImpCheckListTest">
    <skipped/>
  </testcase> <!-- productFreeTextSearchCheckList31 -->
  <testcase name="productFreeTextSearchCheckList31" classname="com.justdial.test.ImpCheckListTest">
    <skipped/>
  </testcase> <!-- productFreeTextSearchCheckList31 -->
  <testcase name="productFreeTextSearchCheckList31" classname="com.justdial.test.ImpCheckListTest">
    <skipped/>
  </testcase> <!-- productFreeTextSearchCheckList31 -->
  <testcase name="productFreeTextSearchCheckList31" classname="com.justdial.test.ImpCheckListTest">
    <skipped/>
  </testcase> <!-- productFreeTextSearchCheckList31 -->
  <testcase name="verirfyEditFreeListing" classname="com.justdial.test.ImpCheckListTest">
    <skipped/>
  </testcase> <!-- verirfyEditFreeListing -->
  <testcase name="verirfyEditFreeListing" classname="com.justdial.test.ImpCheckListTest">
    <skipped/>
  </testcase> <!-- verirfyEditFreeListing -->
  <testcase name="verirfyEditFreeListing" classname="com.justdial.test.ImpCheckListTest">
    <skipped/>
  </testcase> <!-- verirfyEditFreeListing -->
  <testcase name="verirfyEditFreeListing" classname="com.justdial.test.ImpCheckListTest">
    <skipped/>
  </testcase> <!-- verirfyEditFreeListing -->
  <testcase name="productFreeTextBrandCheckList33" classname="com.justdial.test.ImpCheckListTest">
    <skipped/>
  </testcase> <!-- productFreeTextBrandCheckList33 -->
  <testcase name="productFreeTextBrandCheckList33" classname="com.justdial.test.ImpCheckListTest">
    <skipped/>
  </testcase> <!-- productFreeTextBrandCheckList33 -->
  <testcase name="productFreeTextBrandCheckList33" classname="com.justdial.test.ImpCheckListTest">
    <skipped/>
  </testcase> <!-- productFreeTextBrandCheckList33 -->
  <testcase name="productFreeTextBrandCheckList33" classname="com.justdial.test.ImpCheckListTest">
    <skipped/>
  </testcase> <!-- productFreeTextBrandCheckList33 -->
  <testcase name="movieFreeTextSearchCheckList29" classname="com.justdial.test.ImpCheckListTest">
    <skipped/>
  </testcase> <!-- movieFreeTextSearchCheckList29 -->
  <testcase name="movieFreeTextSearchCheckList29" classname="com.justdial.test.ImpCheckListTest">
    <skipped/>
  </testcase> <!-- movieFreeTextSearchCheckList29 -->
  <testcase name="movieFreeTextSearchCheckList29" classname="com.justdial.test.ImpCheckListTest">
    <skipped/>
  </testcase> <!-- movieFreeTextSearchCheckList29 -->
  <testcase name="movieFreeTextSearchCheckList29" classname="com.justdial.test.ImpCheckListTest">
    <skipped/>
  </testcase> <!-- movieFreeTextSearchCheckList29 -->
</testsuite> <!-- com.justdial.test.ImpCheckListTest -->
