<?xml version="1.0" encoding="UTF-8"?>
<!-- Generated by org.testng.reporters.JUnitReportReporter -->
<testsuite skipped="0" hostname="DESKTOP-A96QGMO" name="com.lifeco.content.Content_LearningCenter_Configure_Test" tests="1" failures="0" timestamp="13 Sep 2019 10:01:02 GMT" time="152.592" errors="0">
  <testcase name="verifyAddArtical_LinkToArtical" time="152.592" classname="com.lifeco.content.Content_LearningCenter_Configure_Test"/>
</testsuite> <!-- com.lifeco.content.Content_LearningCenter_Configure_Test -->
