<?xml version="1.0" encoding="UTF-8"?>
<!-- Generated by org.testng.reporters.JUnitReportReporter -->
<testsuite skipped="84" hostname="BLR-SOFT-29" name="com.justdial.test.ImpCheckListTest" tests="88" failures="0" timestamp="14 Nov 2019 14:10:26 GMT" time="105.976" errors="0">
  <testcase name="shopfrontProductSearchCheckList86" time="23.151" classname="com.justdial.test.ImpCheckListTest"/>
  <testcase name="shopfrontProductSearchCheckList86" time="28.548" classname="com.justdial.test.ImpCheckListTest"/>
  <testcase name="shopfrontProductSearchCheckList86" time="24.545" classname="com.justdial.test.ImpCheckListTest"/>
  <testcase name="shopfrontProductSearchCheckList86" time="29.732" classname="com.justdial.test.ImpCheckListTest"/>
  <testcase name="movieFreeTextSearchAreaCheckList30" classname="com.justdial.test.ImpCheckListTest">
    <skipped/>
  </testcase> <!-- movieFreeTextSearchAreaCheckList30 -->
  <testcase name="movieFreeTextSearchAreaCheckList30" classname="com.justdial.test.ImpCheckListTest">
    <skipped/>
  </testcase> <!-- movieFreeTextSearchAreaCheckList30 -->
  <testcase name="movieFreeTextSearchAreaCheckList30" classname="com.justdial.test.ImpCheckListTest">
    <skipped/>
  </testcase> <!-- movieFreeTextSearchAreaCheckList30 -->
  <testcase name="movieFreeTextSearchAreaCheckList30" classname="com.justdial.test.ImpCheckListTest">
    <skipped/>
  </testcase> <!-- movieFreeTextSearchAreaCheckList30 -->
  <testcase name="specificProductSearchCheckList21" classname="com.justdial.test.ImpCheckListTest">
    <skipped/>
  </testcase> <!-- specificProductSearchCheckList21 -->
  <testcase name="specificProductSearchCheckList21" classname="com.justdial.test.ImpCheckListTest">
    <skipped/>
  </testcase> <!-- specificProductSearchCheckList21 -->
  <testcase name="specificProductSearchCheckList21" classname="com.justdial.test.ImpCheckListTest">
    <skipped/>
  </testcase> <!-- specificProductSearchCheckList21 -->
  <testcase name="specificProductSearchCheckList21" classname="com.justdial.test.ImpCheckListTest">
    <skipped/>
  </testcase> <!-- specificProductSearchCheckList21 -->
  <testcase name="hotelFreeTextSearchCheckList28" classname="com.justdial.test.ImpCheckListTest">
    <skipped/>
  </testcase> <!-- hotelFreeTextSearchCheckList28 -->
  <testcase name="hotelFreeTextSearchCheckList28" classname="com.justdial.test.ImpCheckListTest">
    <skipped/>
  </testcase> <!-- hotelFreeTextSearchCheckList28 -->
  <testcase name="hotelFreeTextSearchCheckList28" classname="com.justdial.test.ImpCheckListTest">
    <skipped/>
  </testcase> <!-- hotelFreeTextSearchCheckList28 -->
  <testcase name="hotelFreeTextSearchCheckList28" classname="com.justdial.test.ImpCheckListTest">
    <skipped/>
  </testcase> <!-- hotelFreeTextSearchCheckList28 -->
  <testcase name="verifyShareFunctionaliyCheckList93" classname="com.justdial.test.ImpCheckListTest">
    <skipped/>
  </testcase> <!-- verifyShareFunctionaliyCheckList93 -->
  <testcase name="verifyShareFunctionaliyCheckList93" classname="com.justdial.test.ImpCheckListTest">
    <skipped/>
  </testcase> <!-- verifyShareFunctionaliyCheckList93 -->
  <testcase name="verifyShareFunctionaliyCheckList93" classname="com.justdial.test.ImpCheckListTest">
    <skipped/>
  </testcase> <!-- verifyShareFunctionaliyCheckList93 -->
  <testcase name="verifyShareFunctionaliyCheckList93" classname="com.justdial.test.ImpCheckListTest">
    <skipped/>
  </testcase> <!-- verifyShareFunctionaliyCheckList93 -->
  <testcase name="verifyReportIssueCheckList121" classname="com.justdial.test.ImpCheckListTest">
    <skipped/>
  </testcase> <!-- verifyReportIssueCheckList121 -->
  <testcase name="verifyReportIssueCheckList121" classname="com.justdial.test.ImpCheckListTest">
    <skipped/>
  </testcase> <!-- verifyReportIssueCheckList121 -->
  <testcase name="verifyReportIssueCheckList121" classname="com.justdial.test.ImpCheckListTest">
    <skipped/>
  </testcase> <!-- verifyReportIssueCheckList121 -->
  <testcase name="verifyReportIssueCheckList121" classname="com.justdial.test.ImpCheckListTest">
    <skipped/>
  </testcase> <!-- verifyReportIssueCheckList121 -->
  <testcase name="verifyShareFunctionaliyMoviesCheckList93" classname="com.justdial.test.ImpCheckListTest">
    <skipped/>
  </testcase> <!-- verifyShareFunctionaliyMoviesCheckList93 -->
  <testcase name="verifyShareFunctionaliyMoviesCheckList93" classname="com.justdial.test.ImpCheckListTest">
    <skipped/>
  </testcase> <!-- verifyShareFunctionaliyMoviesCheckList93 -->
  <testcase name="verifyShareFunctionaliyMoviesCheckList93" classname="com.justdial.test.ImpCheckListTest">
    <skipped/>
  </testcase> <!-- verifyShareFunctionaliyMoviesCheckList93 -->
  <testcase name="verifyShareFunctionaliyMoviesCheckList93" classname="com.justdial.test.ImpCheckListTest">
    <skipped/>
  </testcase> <!-- verifyShareFunctionaliyMoviesCheckList93 -->
  <testcase name="brandProductSearchCheckList20" classname="com.justdial.test.ImpCheckListTest">
    <skipped/>
  </testcase> <!-- brandProductSearchCheckList20 -->
  <testcase name="brandProductSearchCheckList20" classname="com.justdial.test.ImpCheckListTest">
    <skipped/>
  </testcase> <!-- brandProductSearchCheckList20 -->
  <testcase name="brandProductSearchCheckList20" classname="com.justdial.test.ImpCheckListTest">
    <skipped/>
  </testcase> <!-- brandProductSearchCheckList20 -->
  <testcase name="brandProductSearchCheckList20" classname="com.justdial.test.ImpCheckListTest">
    <skipped/>
  </testcase> <!-- brandProductSearchCheckList20 -->
  <testcase name="VerifyShopfrontProductSearchAndRedirectionCheckList85" classname="com.justdial.test.ImpCheckListTest">
    <skipped/>
  </testcase> <!-- VerifyShopfrontProductSearchAndRedirectionCheckList85 -->
  <testcase name="VerifyShopfrontProductSearchAndRedirectionCheckList85" classname="com.justdial.test.ImpCheckListTest">
    <skipped/>
  </testcase> <!-- VerifyShopfrontProductSearchAndRedirectionCheckList85 -->
  <testcase name="VerifyShopfrontProductSearchAndRedirectionCheckList85" classname="com.justdial.test.ImpCheckListTest">
    <skipped/>
  </testcase> <!-- VerifyShopfrontProductSearchAndRedirectionCheckList85 -->
  <testcase name="VerifyShopfrontProductSearchAndRedirectionCheckList85" classname="com.justdial.test.ImpCheckListTest">
    <skipped/>
  </testcase> <!-- VerifyShopfrontProductSearchAndRedirectionCheckList85 -->
  <testcase name="singleBoxAutoSuggestCheckList52" classname="com.justdial.test.ImpCheckListTest">
    <skipped/>
  </testcase> <!-- singleBoxAutoSuggestCheckList52 -->
  <testcase name="singleBoxAutoSuggestCheckList52" classname="com.justdial.test.ImpCheckListTest">
    <skipped/>
  </testcase> <!-- singleBoxAutoSuggestCheckList52 -->
  <testcase name="singleBoxAutoSuggestCheckList52" classname="com.justdial.test.ImpCheckListTest">
    <skipped/>
  </testcase> <!-- singleBoxAutoSuggestCheckList52 -->
  <testcase name="singleBoxAutoSuggestCheckList52" classname="com.justdial.test.ImpCheckListTest">
    <skipped/>
  </testcase> <!-- singleBoxAutoSuggestCheckList52 -->
  <testcase name="movieSearchCheckListWithArea22" classname="com.justdial.test.ImpCheckListTest">
    <skipped/>
  </testcase> <!-- movieSearchCheckListWithArea22 -->
  <testcase name="movieSearchCheckListWithArea22" classname="com.justdial.test.ImpCheckListTest">
    <skipped/>
  </testcase> <!-- movieSearchCheckListWithArea22 -->
  <testcase name="movieSearchCheckListWithArea22" classname="com.justdial.test.ImpCheckListTest">
    <skipped/>
  </testcase> <!-- movieSearchCheckListWithArea22 -->
  <testcase name="movieSearchCheckListWithArea22" classname="com.justdial.test.ImpCheckListTest">
    <skipped/>
  </testcase> <!-- movieSearchCheckListWithArea22 -->
  <testcase name="defaultCitySuggestCheckList51" classname="com.justdial.test.ImpCheckListTest">
    <skipped/>
  </testcase> <!-- defaultCitySuggestCheckList51 -->
  <testcase name="defaultCitySuggestCheckList51" classname="com.justdial.test.ImpCheckListTest">
    <skipped/>
  </testcase> <!-- defaultCitySuggestCheckList51 -->
  <testcase name="defaultCitySuggestCheckList51" classname="com.justdial.test.ImpCheckListTest">
    <skipped/>
  </testcase> <!-- defaultCitySuggestCheckList51 -->
  <testcase name="defaultCitySuggestCheckList51" classname="com.justdial.test.ImpCheckListTest">
    <skipped/>
  </testcase> <!-- defaultCitySuggestCheckList51 -->
  <testcase name="verirfyCreationOfFreeListingCheckList110" classname="com.justdial.test.ImpCheckListTest">
    <skipped/>
  </testcase> <!-- verirfyCreationOfFreeListingCheckList110 -->
  <testcase name="movieSearchCheckList23" classname="com.justdial.test.ImpCheckListTest">
    <skipped/>
  </testcase> <!-- movieSearchCheckList23 -->
  <testcase name="verirfyCreationOfFreeListingCheckList110" classname="com.justdial.test.ImpCheckListTest">
    <skipped/>
  </testcase> <!-- verirfyCreationOfFreeListingCheckList110 -->
  <testcase name="movieSearchCheckList23" classname="com.justdial.test.ImpCheckListTest">
    <skipped/>
  </testcase> <!-- movieSearchCheckList23 -->
  <testcase name="verirfyCreationOfFreeListingCheckList110" classname="com.justdial.test.ImpCheckListTest">
    <skipped/>
  </testcase> <!-- verirfyCreationOfFreeListingCheckList110 -->
  <testcase name="movieSearchCheckList23" classname="com.justdial.test.ImpCheckListTest">
    <skipped/>
  </testcase> <!-- movieSearchCheckList23 -->
  <testcase name="verirfyCreationOfFreeListingCheckList110" classname="com.justdial.test.ImpCheckListTest">
    <skipped/>
  </testcase> <!-- verirfyCreationOfFreeListingCheckList110 -->
  <testcase name="movieSearchCheckList23" classname="com.justdial.test.ImpCheckListTest">
    <skipped/>
  </testcase> <!-- movieSearchCheckList23 -->
  <testcase name="verifyUploadPhotoDetailsCheckList119" classname="com.justdial.test.ImpCheckListTest">
    <skipped/>
  </testcase> <!-- verifyUploadPhotoDetailsCheckList119 -->
  <testcase name="verifyUploadPhotoDetailsCheckList119" classname="com.justdial.test.ImpCheckListTest">
    <skipped/>
  </testcase> <!-- verifyUploadPhotoDetailsCheckList119 -->
  <testcase name="verifyUploadPhotoDetailsCheckList119" classname="com.justdial.test.ImpCheckListTest">
    <skipped/>
  </testcase> <!-- verifyUploadPhotoDetailsCheckList119 -->
  <testcase name="verifyUploadPhotoDetailsCheckList119" classname="com.justdial.test.ImpCheckListTest">
    <skipped/>
  </testcase> <!-- verifyUploadPhotoDetailsCheckList119 -->
  <testcase name="famousBrandAutoSuggestCheckList53" classname="com.justdial.test.ImpCheckListTest">
    <skipped/>
  </testcase> <!-- famousBrandAutoSuggestCheckList53 -->
  <testcase name="famousBrandAutoSuggestCheckList53" classname="com.justdial.test.ImpCheckListTest">
    <skipped/>
  </testcase> <!-- famousBrandAutoSuggestCheckList53 -->
  <testcase name="famousBrandAutoSuggestCheckList53" classname="com.justdial.test.ImpCheckListTest">
    <skipped/>
  </testcase> <!-- famousBrandAutoSuggestCheckList53 -->
  <testcase name="famousBrandAutoSuggestCheckList53" classname="com.justdial.test.ImpCheckListTest">
    <skipped/>
  </testcase> <!-- famousBrandAutoSuggestCheckList53 -->
  <testcase name="categoryFreeTextSearchCheckList28" classname="com.justdial.test.ImpCheckListTest">
    <skipped/>
  </testcase> <!-- categoryFreeTextSearchCheckList28 -->
  <testcase name="categoryFreeTextSearchCheckList28" classname="com.justdial.test.ImpCheckListTest">
    <skipped/>
  </testcase> <!-- categoryFreeTextSearchCheckList28 -->
  <testcase name="categoryFreeTextSearchCheckList28" classname="com.justdial.test.ImpCheckListTest">
    <skipped/>
  </testcase> <!-- categoryFreeTextSearchCheckList28 -->
  <testcase name="categoryFreeTextSearchCheckList28" classname="com.justdial.test.ImpCheckListTest">
    <skipped/>
  </testcase> <!-- categoryFreeTextSearchCheckList28 -->
  <testcase name="productFreeTextAreaSearchCheckList32" classname="com.justdial.test.ImpCheckListTest">
    <skipped/>
  </testcase> <!-- productFreeTextAreaSearchCheckList32 -->
  <testcase name="productFreeTextAreaSearchCheckList32" classname="com.justdial.test.ImpCheckListTest">
    <skipped/>
  </testcase> <!-- productFreeTextAreaSearchCheckList32 -->
  <testcase name="productFreeTextAreaSearchCheckList32" classname="com.justdial.test.ImpCheckListTest">
    <skipped/>
  </testcase> <!-- productFreeTextAreaSearchCheckList32 -->
  <testcase name="productFreeTextAreaSearchCheckList32" classname="com.justdial.test.ImpCheckListTest">
    <skipped/>
  </testcase> <!-- productFreeTextAreaSearchCheckList32 -->
  <testcase name="productFreeTextSearchCheckList31" classname="com.justdial.test.ImpCheckListTest">
    <skipped/>
  </testcase> <!-- productFreeTextSearchCheckList31 -->
  <testcase name="productFreeTextSearchCheckList31" classname="com.justdial.test.ImpCheckListTest">
    <skipped/>
  </testcase> <!-- productFreeTextSearchCheckList31 -->
  <testcase name="productFreeTextSearchCheckList31" classname="com.justdial.test.ImpCheckListTest">
    <skipped/>
  </testcase> <!-- productFreeTextSearchCheckList31 -->
  <testcase name="productFreeTextSearchCheckList31" classname="com.justdial.test.ImpCheckListTest">
    <skipped/>
  </testcase> <!-- productFreeTextSearchCheckList31 -->
  <testcase name="verirfyEditFreeListing" classname="com.justdial.test.ImpCheckListTest">
    <skipped/>
  </testcase> <!-- verirfyEditFreeListing -->
  <testcase name="verirfyEditFreeListing" classname="com.justdial.test.ImpCheckListTest">
    <skipped/>
  </testcase> <!-- verirfyEditFreeListing -->
  <testcase name="verirfyEditFreeListing" classname="com.justdial.test.ImpCheckListTest">
    <skipped/>
  </testcase> <!-- verirfyEditFreeListing -->
  <testcase name="verirfyEditFreeListing" classname="com.justdial.test.ImpCheckListTest">
    <skipped/>
  </testcase> <!-- verirfyEditFreeListing -->
  <testcase name="productFreeTextBrandCheckList33" classname="com.justdial.test.ImpCheckListTest">
    <skipped/>
  </testcase> <!-- productFreeTextBrandCheckList33 -->
  <testcase name="productFreeTextBrandCheckList33" classname="com.justdial.test.ImpCheckListTest">
    <skipped/>
  </testcase> <!-- productFreeTextBrandCheckList33 -->
  <testcase name="productFreeTextBrandCheckList33" classname="com.justdial.test.ImpCheckListTest">
    <skipped/>
  </testcase> <!-- productFreeTextBrandCheckList33 -->
  <testcase name="productFreeTextBrandCheckList33" classname="com.justdial.test.ImpCheckListTest">
    <skipped/>
  </testcase> <!-- productFreeTextBrandCheckList33 -->
  <testcase name="movieFreeTextSearchCheckList29" classname="com.justdial.test.ImpCheckListTest">
    <skipped/>
  </testcase> <!-- movieFreeTextSearchCheckList29 -->
  <testcase name="movieFreeTextSearchCheckList29" classname="com.justdial.test.ImpCheckListTest">
    <skipped/>
  </testcase> <!-- movieFreeTextSearchCheckList29 -->
  <testcase name="movieFreeTextSearchCheckList29" classname="com.justdial.test.ImpCheckListTest">
    <skipped/>
  </testcase> <!-- movieFreeTextSearchCheckList29 -->
  <testcase name="movieFreeTextSearchCheckList29" classname="com.justdial.test.ImpCheckListTest">
    <skipped/>
  </testcase> <!-- movieFreeTextSearchCheckList29 -->
</testsuite> <!-- com.justdial.test.ImpCheckListTest -->
