<?xml version="1.0" encoding="UTF-8"?>
<!-- Generated by org.testng.reporters.JUnitReportReporter -->
<testsuite skipped="0" hostname="BLR-SOFT-29" name="com.lifeco.WelcomeJustDailTest" tests="1" failures="0" timestamp="22 Oct 2019 08:07:34 GMT" time="19.677" errors="0">
  <testcase name="optionJd" time="19.677" classname="com.lifeco.WelcomeJustDailTest"/>
</testsuite> <!-- com.lifeco.WelcomeJustDailTest -->
