<?xml version="1.0" encoding="UTF-8"?>
<!-- Generated by org.testng.reporters.JUnitReportReporter -->
<testsuite skipped="100" hostname="BLR-SOFT-03" name="com.prathibha.justdialtest.Autosug_Search" tests="104" failures="1" timestamp="15 Nov 2019 11:11:51 GMT" time="330.801" errors="0">
  <testcase name="verifyDetailspagefunctionality_83" time="25.843" classname="com.prathibha.justdialtest.Autosug_Search"/>
  <testcase name="verifyDetailspagefunctionality_83" time="254.636" classname="com.prathibha.justdialtest.Autosug_Search">
    <failure type="java.lang.AssertionError" message="null">
      <![CDATA[java.lang.AssertionError: null
at org.testng.Assert.fail(Assert.java:96)
at org.testng.Assert.fail(Assert.java:103)
at com.lifeco.generic.CommonBasePageprathi.click(CommonBasePageprathi.java:407)
at com.prathibha.justdialpage.Autosug_SearcgPage.clickAutosearchMovie(Autosug_SearcgPage.java:975)
at com.prathibha.justdialtest.Autosug_Search.verifyDetailspagefunctionality_83(Autosug_Search.java:601)
at sun.reflect.NativeMethodAccessorImpl.invoke0(Native Method)
at sun.reflect.NativeMethodAccessorImpl.invoke(Unknown Source)
at sun.reflect.DelegatingMethodAccessorImpl.invoke(Unknown Source)
at java.lang.reflect.Method.invoke(Unknown Source)
at org.testng.internal.MethodInvocationHelper.invokeMethod(MethodInvocationHelper.java:124)
at org.testng.internal.Invoker.invokeMethod(Invoker.java:583)
at org.testng.internal.Invoker.invokeTestMethod(Invoker.java:719)
at org.testng.internal.Invoker.invokeTestMethods(Invoker.java:989)
at org.testng.internal.TestMethodWorker.invokeTestMethods(TestMethodWorker.java:125)
at org.testng.internal.TestMethodWorker.run(TestMethodWorker.java:109)
at org.testng.TestRunner.privateRun(TestRunner.java:648)
at org.testng.TestRunner.run(TestRunner.java:505)
at org.testng.SuiteRunner.runTest(SuiteRunner.java:455)
at org.testng.SuiteRunner.runSequentially(SuiteRunner.java:450)
at org.testng.SuiteRunner.privateRun(SuiteRunner.java:415)
at org.testng.SuiteRunner.run(SuiteRunner.java:364)
at org.testng.SuiteRunnerWorker.runSuite(SuiteRunnerWorker.java:52)
at org.testng.SuiteRunnerWorker.run(SuiteRunnerWorker.java:84)
at org.testng.TestNG.runSuitesSequentially(TestNG.java:1208)
at org.testng.TestNG.runSuitesLocally(TestNG.java:1137)
at org.testng.TestNG.runSuites(TestNG.java:1049)
at org.testng.TestNG.run(TestNG.java:1017)
at org.testng.remote.AbstractRemoteTestNG.run(AbstractRemoteTestNG.java:115)
at org.testng.remote.RemoteTestNG.initAndRun(RemoteTestNG.java:251)
at org.testng.remote.RemoteTestNG.main(RemoteTestNG.java:77)
]]>
    </failure>
  </testcase> <!-- verifyDetailspagefunctionality_83 -->
  <testcase name="verifyDetailspagefunctionality_83" time="25.393" classname="com.prathibha.justdialtest.Autosug_Search"/>
  <testcase name="verifyDetailspagefunctionality_83" time="24.929" classname="com.prathibha.justdialtest.Autosug_Search"/>
  <testcase name="MovieAutosugg_75" classname="com.prathibha.justdialtest.Autosug_Search">
    <skipped/>
  </testcase> <!-- MovieAutosugg_75 -->
  <testcase name="MovieAutosugg_75" classname="com.prathibha.justdialtest.Autosug_Search">
    <skipped/>
  </testcase> <!-- MovieAutosugg_75 -->
  <testcase name="MovieAutosugg_75" classname="com.prathibha.justdialtest.Autosug_Search">
    <skipped/>
  </testcase> <!-- MovieAutosugg_75 -->
  <testcase name="MovieAutosugg_75" classname="com.prathibha.justdialtest.Autosug_Search">
    <skipped/>
  </testcase> <!-- MovieAutosugg_75 -->
  <testcase name="verifyJDlogoandPhotoCount_56" classname="com.prathibha.justdialtest.Autosug_Search">
    <skipped/>
  </testcase> <!-- verifyJDlogoandPhotoCount_56 -->
  <testcase name="verifyJDlogoandPhotoCount_56" classname="com.prathibha.justdialtest.Autosug_Search">
    <skipped/>
  </testcase> <!-- verifyJDlogoandPhotoCount_56 -->
  <testcase name="verifyJDlogoandPhotoCount_56" classname="com.prathibha.justdialtest.Autosug_Search">
    <skipped/>
  </testcase> <!-- verifyJDlogoandPhotoCount_56 -->
  <testcase name="verifyJDlogoandPhotoCount_56" classname="com.prathibha.justdialtest.Autosug_Search">
    <skipped/>
  </testcase> <!-- verifyJDlogoandPhotoCount_56 -->
  <testcase name="verifyMovieLanguageSorting_83" classname="com.prathibha.justdialtest.Autosug_Search">
    <skipped/>
  </testcase> <!-- verifyMovieLanguageSorting_83 -->
  <testcase name="verifyMovieLanguageSorting_83" classname="com.prathibha.justdialtest.Autosug_Search">
    <skipped/>
  </testcase> <!-- verifyMovieLanguageSorting_83 -->
  <testcase name="verifyMovieLanguageSorting_83" classname="com.prathibha.justdialtest.Autosug_Search">
    <skipped/>
  </testcase> <!-- verifyMovieLanguageSorting_83 -->
  <testcase name="verifyMovieLanguageSorting_83" classname="com.prathibha.justdialtest.Autosug_Search">
    <skipped/>
  </testcase> <!-- verifyMovieLanguageSorting_83 -->
  <testcase name="Categorywithoutarea_Hotels_16" classname="com.prathibha.justdialtest.Autosug_Search">
    <skipped/>
  </testcase> <!-- Categorywithoutarea_Hotels_16 -->
  <testcase name="Categorywithoutarea_Hotels_16" classname="com.prathibha.justdialtest.Autosug_Search">
    <skipped/>
  </testcase> <!-- Categorywithoutarea_Hotels_16 -->
  <testcase name="Categorywithoutarea_Hotels_16" classname="com.prathibha.justdialtest.Autosug_Search">
    <skipped/>
  </testcase> <!-- Categorywithoutarea_Hotels_16 -->
  <testcase name="Categorywithoutarea_Hotels_16" classname="com.prathibha.justdialtest.Autosug_Search">
    <skipped/>
  </testcase> <!-- Categorywithoutarea_Hotels_16 -->
  <testcase name="contactNumberwithForNonPaid_65" classname="com.prathibha.justdialtest.Autosug_Search">
    <skipped/>
  </testcase> <!-- contactNumberwithForNonPaid_65 -->
  <testcase name="contactNumberwithForNonPaid_65" classname="com.prathibha.justdialtest.Autosug_Search">
    <skipped/>
  </testcase> <!-- contactNumberwithForNonPaid_65 -->
  <testcase name="contactNumberwithForNonPaid_65" classname="com.prathibha.justdialtest.Autosug_Search">
    <skipped/>
  </testcase> <!-- contactNumberwithForNonPaid_65 -->
  <testcase name="contactNumberwithForNonPaid_65" classname="com.prathibha.justdialtest.Autosug_Search">
    <skipped/>
  </testcase> <!-- contactNumberwithForNonPaid_65 -->
  <testcase name="BestDealDetailpage_129" classname="com.prathibha.justdialtest.Autosug_Search">
    <skipped/>
  </testcase> <!-- BestDealDetailpage_129 -->
  <testcase name="BestDealDetailpage_129" classname="com.prathibha.justdialtest.Autosug_Search">
    <skipped/>
  </testcase> <!-- BestDealDetailpage_129 -->
  <testcase name="BestDealDetailpage_129" classname="com.prathibha.justdialtest.Autosug_Search">
    <skipped/>
  </testcase> <!-- BestDealDetailpage_129 -->
  <testcase name="BestDealDetailpage_129" classname="com.prathibha.justdialtest.Autosug_Search">
    <skipped/>
  </testcase> <!-- BestDealDetailpage_129 -->
  <testcase name="verify2ndsetofResults_35_Doctors" classname="com.prathibha.justdialtest.Autosug_Search">
    <skipped/>
  </testcase> <!-- verify2ndsetofResults_35_Doctors -->
  <testcase name="verify2ndsetofResults_35_Doctors" classname="com.prathibha.justdialtest.Autosug_Search">
    <skipped/>
  </testcase> <!-- verify2ndsetofResults_35_Doctors -->
  <testcase name="verify2ndsetofResults_35_Doctors" classname="com.prathibha.justdialtest.Autosug_Search">
    <skipped/>
  </testcase> <!-- verify2ndsetofResults_35_Doctors -->
  <testcase name="verify2ndsetofResults_35_Doctors" classname="com.prathibha.justdialtest.Autosug_Search">
    <skipped/>
  </testcase> <!-- verify2ndsetofResults_35_Doctors -->
  <testcase name="VerifyFiltersonMovie_83" classname="com.prathibha.justdialtest.Autosug_Search">
    <skipped/>
  </testcase> <!-- VerifyFiltersonMovie_83 -->
  <testcase name="VerifyFiltersonMovie_83" classname="com.prathibha.justdialtest.Autosug_Search">
    <skipped/>
  </testcase> <!-- VerifyFiltersonMovie_83 -->
  <testcase name="VerifyFiltersonMovie_83" classname="com.prathibha.justdialtest.Autosug_Search">
    <skipped/>
  </testcase> <!-- VerifyFiltersonMovie_83 -->
  <testcase name="VerifyFiltersonMovie_83" classname="com.prathibha.justdialtest.Autosug_Search">
    <skipped/>
  </testcase> <!-- VerifyFiltersonMovie_83 -->
  <testcase name="Categorywitharea_Movers_17" classname="com.prathibha.justdialtest.Autosug_Search">
    <skipped/>
  </testcase> <!-- Categorywitharea_Movers_17 -->
  <testcase name="Categorywitharea_Movers_17" classname="com.prathibha.justdialtest.Autosug_Search">
    <skipped/>
  </testcase> <!-- Categorywitharea_Movers_17 -->
  <testcase name="Categorywitharea_Movers_17" classname="com.prathibha.justdialtest.Autosug_Search">
    <skipped/>
  </testcase> <!-- Categorywitharea_Movers_17 -->
  <testcase name="Categorywitharea_Movers_17" classname="com.prathibha.justdialtest.Autosug_Search">
    <skipped/>
  </testcase> <!-- Categorywitharea_Movers_17 -->
  <testcase name="contactNumberwithVNForPaid_65" classname="com.prathibha.justdialtest.Autosug_Search">
    <skipped/>
  </testcase> <!-- contactNumberwithVNForPaid_65 -->
  <testcase name="contactNumberwithVNForPaid_65" classname="com.prathibha.justdialtest.Autosug_Search">
    <skipped/>
  </testcase> <!-- contactNumberwithVNForPaid_65 -->
  <testcase name="contactNumberwithVNForPaid_65" classname="com.prathibha.justdialtest.Autosug_Search">
    <skipped/>
  </testcase> <!-- contactNumberwithVNForPaid_65 -->
  <testcase name="contactNumberwithVNForPaid_65" classname="com.prathibha.justdialtest.Autosug_Search">
    <skipped/>
  </testcase> <!-- contactNumberwithVNForPaid_65 -->
  <testcase name="verifyContractFavouriteiconAndarea_57" classname="com.prathibha.justdialtest.Autosug_Search">
    <skipped/>
  </testcase> <!-- verifyContractFavouriteiconAndarea_57 -->
  <testcase name="verifyContractFavouriteiconAndarea_57" classname="com.prathibha.justdialtest.Autosug_Search">
    <skipped/>
  </testcase> <!-- verifyContractFavouriteiconAndarea_57 -->
  <testcase name="verifyContractFavouriteiconAndarea_57" classname="com.prathibha.justdialtest.Autosug_Search">
    <skipped/>
  </testcase> <!-- verifyContractFavouriteiconAndarea_57 -->
  <testcase name="verifyContractFavouriteiconAndarea_57" classname="com.prathibha.justdialtest.Autosug_Search">
    <skipped/>
  </testcase> <!-- verifyContractFavouriteiconAndarea_57 -->
  <testcase name="filterTab_36" classname="com.prathibha.justdialtest.Autosug_Search">
    <skipped/>
  </testcase> <!-- filterTab_36 -->
  <testcase name="filterTab_36" classname="com.prathibha.justdialtest.Autosug_Search">
    <skipped/>
  </testcase> <!-- filterTab_36 -->
  <testcase name="filterTab_36" classname="com.prathibha.justdialtest.Autosug_Search">
    <skipped/>
  </testcase> <!-- filterTab_36 -->
  <testcase name="filterTab_36" classname="com.prathibha.justdialtest.Autosug_Search">
    <skipped/>
  </testcase> <!-- filterTab_36 -->
  <testcase name="Advertise_111" classname="com.prathibha.justdialtest.Autosug_Search">
    <skipped/>
  </testcase> <!-- Advertise_111 -->
  <testcase name="Advertise_111" classname="com.prathibha.justdialtest.Autosug_Search">
    <skipped/>
  </testcase> <!-- Advertise_111 -->
  <testcase name="Advertise_111" classname="com.prathibha.justdialtest.Autosug_Search">
    <skipped/>
  </testcase> <!-- Advertise_111 -->
  <testcase name="Advertise_111" classname="com.prathibha.justdialtest.Autosug_Search">
    <skipped/>
  </testcase> <!-- Advertise_111 -->
  <testcase name="resultpageasListview_37" classname="com.prathibha.justdialtest.Autosug_Search">
    <skipped/>
  </testcase> <!-- resultpageasListview_37 -->
  <testcase name="resultpageasListview_37" classname="com.prathibha.justdialtest.Autosug_Search">
    <skipped/>
  </testcase> <!-- resultpageasListview_37 -->
  <testcase name="resultpageasListview_37" classname="com.prathibha.justdialtest.Autosug_Search">
    <skipped/>
  </testcase> <!-- resultpageasListview_37 -->
  <testcase name="resultpageasListview_37" classname="com.prathibha.justdialtest.Autosug_Search">
    <skipped/>
  </testcase> <!-- resultpageasListview_37 -->
  <testcase name="verify2ndsetofresults_35_Education" classname="com.prathibha.justdialtest.Autosug_Search">
    <skipped/>
  </testcase> <!-- verify2ndsetofresults_35_Education -->
  <testcase name="verify2ndsetofresults_35_Education" classname="com.prathibha.justdialtest.Autosug_Search">
    <skipped/>
  </testcase> <!-- verify2ndsetofresults_35_Education -->
  <testcase name="verify2ndsetofresults_35_Education" classname="com.prathibha.justdialtest.Autosug_Search">
    <skipped/>
  </testcase> <!-- verify2ndsetofresults_35_Education -->
  <testcase name="verify2ndsetofresults_35_Education" classname="com.prathibha.justdialtest.Autosug_Search">
    <skipped/>
  </testcase> <!-- verify2ndsetofresults_35_Education -->
  <testcase name="DisplayMovieSchedule_78" classname="com.prathibha.justdialtest.Autosug_Search">
    <skipped/>
  </testcase> <!-- DisplayMovieSchedule_78 -->
  <testcase name="DisplayMovieSchedule_78" classname="com.prathibha.justdialtest.Autosug_Search">
    <skipped/>
  </testcase> <!-- DisplayMovieSchedule_78 -->
  <testcase name="DisplayMovieSchedule_78" classname="com.prathibha.justdialtest.Autosug_Search">
    <skipped/>
  </testcase> <!-- DisplayMovieSchedule_78 -->
  <testcase name="DisplayMovieSchedule_78" classname="com.prathibha.justdialtest.Autosug_Search">
    <skipped/>
  </testcase> <!-- DisplayMovieSchedule_78 -->
  <testcase name="openNowforRestaurants_64" classname="com.prathibha.justdialtest.Autosug_Search">
    <skipped/>
  </testcase> <!-- openNowforRestaurants_64 -->
  <testcase name="openNowforRestaurants_64" classname="com.prathibha.justdialtest.Autosug_Search">
    <skipped/>
  </testcase> <!-- openNowforRestaurants_64 -->
  <testcase name="openNowforRestaurants_64" classname="com.prathibha.justdialtest.Autosug_Search">
    <skipped/>
  </testcase> <!-- openNowforRestaurants_64 -->
  <testcase name="openNowforRestaurants_64" classname="com.prathibha.justdialtest.Autosug_Search">
    <skipped/>
  </testcase> <!-- openNowforRestaurants_64 -->
  <testcase name="BestDealResultpage_128" classname="com.prathibha.justdialtest.Autosug_Search">
    <skipped/>
  </testcase> <!-- BestDealResultpage_128 -->
  <testcase name="BestDealResultpage_128" classname="com.prathibha.justdialtest.Autosug_Search">
    <skipped/>
  </testcase> <!-- BestDealResultpage_128 -->
  <testcase name="BestDealResultpage_128" classname="com.prathibha.justdialtest.Autosug_Search">
    <skipped/>
  </testcase> <!-- BestDealResultpage_128 -->
  <testcase name="BestDealResultpage_128" classname="com.prathibha.justdialtest.Autosug_Search">
    <skipped/>
  </testcase> <!-- BestDealResultpage_128 -->
  <testcase name="imageComapnydetailspage_55" classname="com.prathibha.justdialtest.Autosug_Search">
    <skipped/>
  </testcase> <!-- imageComapnydetailspage_55 -->
  <testcase name="imageComapnydetailspage_55" classname="com.prathibha.justdialtest.Autosug_Search">
    <skipped/>
  </testcase> <!-- imageComapnydetailspage_55 -->
  <testcase name="imageComapnydetailspage_55" classname="com.prathibha.justdialtest.Autosug_Search">
    <skipped/>
  </testcase> <!-- imageComapnydetailspage_55 -->
  <testcase name="imageComapnydetailspage_55" classname="com.prathibha.justdialtest.Autosug_Search">
    <skipped/>
  </testcase> <!-- imageComapnydetailspage_55 -->
  <testcase name="Verify2ndsetofResults_35_res" classname="com.prathibha.justdialtest.Autosug_Search">
    <skipped/>
  </testcase> <!-- Verify2ndsetofResults_35_res -->
  <testcase name="Verify2ndsetofResults_35_res" classname="com.prathibha.justdialtest.Autosug_Search">
    <skipped/>
  </testcase> <!-- Verify2ndsetofResults_35_res -->
  <testcase name="Verify2ndsetofResults_35_res" classname="com.prathibha.justdialtest.Autosug_Search">
    <skipped/>
  </testcase> <!-- Verify2ndsetofResults_35_res -->
  <testcase name="Verify2ndsetofResults_35_res" classname="com.prathibha.justdialtest.Autosug_Search">
    <skipped/>
  </testcase> <!-- Verify2ndsetofResults_35_res -->
  <testcase name="CompanySpecialcharacter_15" classname="com.prathibha.justdialtest.Autosug_Search">
    <skipped/>
  </testcase> <!-- CompanySpecialcharacter_15 -->
  <testcase name="CompanySpecialcharacter_15" classname="com.prathibha.justdialtest.Autosug_Search">
    <skipped/>
  </testcase> <!-- CompanySpecialcharacter_15 -->
  <testcase name="CompanySpecialcharacter_15" classname="com.prathibha.justdialtest.Autosug_Search">
    <skipped/>
  </testcase> <!-- CompanySpecialcharacter_15 -->
  <testcase name="CompanySpecialcharacter_15" classname="com.prathibha.justdialtest.Autosug_Search">
    <skipped/>
  </testcase> <!-- CompanySpecialcharacter_15 -->
  <testcase name="verifyMoreLinkRedirectionCategory_67" classname="com.prathibha.justdialtest.Autosug_Search">
    <skipped/>
  </testcase> <!-- verifyMoreLinkRedirectionCategory_67 -->
  <testcase name="verifyMoreLinkRedirectionCategory_67" classname="com.prathibha.justdialtest.Autosug_Search">
    <skipped/>
  </testcase> <!-- verifyMoreLinkRedirectionCategory_67 -->
  <testcase name="verifyMoreLinkRedirectionCategory_67" classname="com.prathibha.justdialtest.Autosug_Search">
    <skipped/>
  </testcase> <!-- verifyMoreLinkRedirectionCategory_67 -->
  <testcase name="verifyMoreLinkRedirectionCategory_67" classname="com.prathibha.justdialtest.Autosug_Search">
    <skipped/>
  </testcase> <!-- verifyMoreLinkRedirectionCategory_67 -->
  <testcase name="categoreyEnquireNow_43" classname="com.prathibha.justdialtest.Autosug_Search">
    <skipped/>
  </testcase> <!-- categoreyEnquireNow_43 -->
  <testcase name="categoreyEnquireNow_43" classname="com.prathibha.justdialtest.Autosug_Search">
    <skipped/>
  </testcase> <!-- categoreyEnquireNow_43 -->
  <testcase name="categoreyEnquireNow_43" classname="com.prathibha.justdialtest.Autosug_Search">
    <skipped/>
  </testcase> <!-- categoreyEnquireNow_43 -->
  <testcase name="categoreyEnquireNow_43" classname="com.prathibha.justdialtest.Autosug_Search">
    <skipped/>
  </testcase> <!-- categoreyEnquireNow_43 -->
  <testcase name="MovieBannerDetailPage_77" classname="com.prathibha.justdialtest.Autosug_Search">
    <skipped/>
  </testcase> <!-- MovieBannerDetailPage_77 -->
  <testcase name="MovieBannerDetailPage_77" classname="com.prathibha.justdialtest.Autosug_Search">
    <skipped/>
  </testcase> <!-- MovieBannerDetailPage_77 -->
  <testcase name="MovieBannerDetailPage_77" classname="com.prathibha.justdialtest.Autosug_Search">
    <skipped/>
  </testcase> <!-- MovieBannerDetailPage_77 -->
  <testcase name="MovieBannerDetailPage_77" classname="com.prathibha.justdialtest.Autosug_Search">
    <skipped/>
  </testcase> <!-- MovieBannerDetailPage_77 -->
  <testcase name="verifyDetailsRCMS_58" classname="com.prathibha.justdialtest.Autosug_Search">
    <skipped/>
  </testcase> <!-- verifyDetailsRCMS_58 -->
  <testcase name="verifyDetailsRCMS_58" classname="com.prathibha.justdialtest.Autosug_Search">
    <skipped/>
  </testcase> <!-- verifyDetailsRCMS_58 -->
  <testcase name="verifyDetailsRCMS_58" classname="com.prathibha.justdialtest.Autosug_Search">
    <skipped/>
  </testcase> <!-- verifyDetailsRCMS_58 -->
  <testcase name="verifyDetailsRCMS_58" classname="com.prathibha.justdialtest.Autosug_Search">
    <skipped/>
  </testcase> <!-- verifyDetailsRCMS_58 -->
</testsuite> <!-- com.prathibha.justdialtest.Autosug_Search -->
