<?xml version="1.0" encoding="UTF-8"?>
<!-- Generated by org.testng.reporters.JUnitReportReporter -->
<testsuite skipped="25" hostname="BLR-SOFT-03" name="com.prathibha.justdialtest.Short_checkList" tests="26" failures="0" timestamp="27 Nov 2019 05:39:05 GMT" time="80.481" errors="1">
  <testcase name="VerifyFiltersonMovie_83" time="80.481" classname="com.prathibha.justdialtest.Short_checkList">
    <error type="org.openqa.selenium.NoSuchElementException" message="no such element: Unable to locate element: {&quot;method&quot;:&quot;xpath&quot;,&quot;selector&quot;:&quot;//span[.=&#039;Comedy&#039;]&quot;}
  (Session info: chrome=78.0.3904.108)
For documentation on this error, please visit: https://www.seleniumhq.org/exceptions/no_such_element.html
Build info: version: &#039;3.141.59&#039;, revision: &#039;e82be7d358&#039;, time: &#039;2018-11-14T08:17:03&#039;
System info: host: &#039;BLR-SOFT-03&#039;, ip: &#039;172.29.106.238&#039;, os.name: &#039;Windows 7&#039;, os.arch: &#039;amd64&#039;, os.version: &#039;6.1&#039;, java.version: &#039;1.8.0_181&#039;
Driver info: org.openqa.selenium.chrome.ChromeDriver
Capabilities {acceptInsecureCerts: false, browserName: chrome, browserVersion: 78.0.3904.108, chrome: {chromedriverVersion: 77.0.3865.40 (f484704e052e0..., userDataDir: C:\Users\blrsoft\AppData\Lo...}, goog:chromeOptions: {debuggerAddress: localhost:62032}, javascriptEnabled: true, networkConnectionEnabled: false, pageLoadStrategy: normal, platform: XP, platformName: XP, proxy: Proxy(), setWindowRect: true, strictFileInteractability: false, timeouts: {implicit: 0, pageLoad: 300000, script: 30000}, unhandledPromptBehavior: dismiss and notify}
Session ID: 0683e81eb576e0e710aae26fc31359bc
*** Element info: {Using=xpath, value=//span[.=&#039;Comedy&#039;]}">
      <![CDATA[org.openqa.selenium.NoSuchElementException: no such element: Unable to locate element: {"method":"xpath","selector":"//span[.='Comedy']"}
  (Session info: chrome=78.0.3904.108)
For documentation on this error, please visit: https://www.seleniumhq.org/exceptions/no_such_element.html
Build info: version: '3.141.59', revision: 'e82be7d358', time: '2018-11-14T08:17:03'
System info: host: 'BLR-SOFT-03', ip: '172.29.106.238', os.name: 'Windows 7', os.arch: 'amd64', os.version: '6.1', java.version: '1.8.0_181'
Driver info: org.openqa.selenium.chrome.ChromeDriver
Capabilities {acceptInsecureCerts: false, browserName: chrome, browserVersion: 78.0.3904.108, chrome: {chromedriverVersion: 77.0.3865.40 (f484704e052e0..., userDataDir: C:\Users\blrsoft\AppData\Lo...}, goog:chromeOptions: {debuggerAddress: localhost:62032}, javascriptEnabled: true, networkConnectionEnabled: false, pageLoadStrategy: normal, platform: XP, platformName: XP, proxy: Proxy(), setWindowRect: true, strictFileInteractability: false, timeouts: {implicit: 0, pageLoad: 300000, script: 30000}, unhandledPromptBehavior: dismiss and notify}
Session ID: 0683e81eb576e0e710aae26fc31359bc
*** Element info: {Using=xpath, value=//span[.='Comedy']}
at sun.reflect.NativeConstructorAccessorImpl.newInstance0(Native Method)
at sun.reflect.NativeConstructorAccessorImpl.newInstance(Unknown Source)
at sun.reflect.DelegatingConstructorAccessorImpl.newInstance(Unknown Source)
at java.lang.reflect.Constructor.newInstance(Unknown Source)
at org.openqa.selenium.remote.http.W3CHttpResponseCodec.createException(W3CHttpResponseCodec.java:187)
at org.openqa.selenium.remote.http.W3CHttpResponseCodec.decode(W3CHttpResponseCodec.java:122)
at org.openqa.selenium.remote.http.W3CHttpResponseCodec.decode(W3CHttpResponseCodec.java:49)
at org.openqa.selenium.remote.HttpCommandExecutor.execute(HttpCommandExecutor.java:158)
at org.openqa.selenium.remote.service.DriverCommandExecutor.execute(DriverCommandExecutor.java:83)
at org.openqa.selenium.remote.RemoteWebDriver.execute(RemoteWebDriver.java:552)
at org.openqa.selenium.remote.RemoteWebDriver.findElement(RemoteWebDriver.java:323)
at org.openqa.selenium.remote.RemoteWebDriver.findElementByXPath(RemoteWebDriver.java:428)
at org.openqa.selenium.By$ByXPath.findElement(By.java:353)
at org.openqa.selenium.remote.RemoteWebDriver.findElement(RemoteWebDriver.java:315)
at org.openqa.selenium.support.pagefactory.DefaultElementLocator.findElement(DefaultElementLocator.java:69)
at org.openqa.selenium.support.pagefactory.internal.LocatingElementHandler.invoke(LocatingElementHandler.java:38)
at com.sun.proxy.$Proxy12.getWrappedElement(Unknown Source)
at org.openqa.selenium.remote.internal.WebElementToJsonConverter.apply(WebElementToJsonConverter.java:50)
at java.util.stream.ReferencePipeline$3$1.accept(Unknown Source)
at java.util.Spliterators$ArraySpliterator.forEachRemaining(Unknown Source)
at java.util.stream.AbstractPipeline.copyInto(Unknown Source)
at java.util.stream.AbstractPipeline.wrapAndCopyInto(Unknown Source)
at java.util.stream.ReduceOps$ReduceOp.evaluateSequential(Unknown Source)
at java.util.stream.AbstractPipeline.evaluate(Unknown Source)
at java.util.stream.ReferencePipeline.collect(Unknown Source)
at org.openqa.selenium.remote.RemoteWebDriver.executeScript(RemoteWebDriver.java:484)
at com.lifeco.generic.CommonBasePageprathi.scrollUpToTheElement(CommonBasePageprathi.java:201)
at com.lifeco.generic.CommonBasePageprathi.actionClick(CommonBasePageprathi.java:122)
at com.prathibha.justdialpage.Autosug_SearcgPage.clickSortByGenre(Autosug_SearcgPage.java:992)
at com.prathibha.justdialtest.Short_checkList.VerifyFiltersonMovie_83(Short_checkList.java:588)
at sun.reflect.NativeMethodAccessorImpl.invoke0(Native Method)
at sun.reflect.NativeMethodAccessorImpl.invoke(Unknown Source)
at sun.reflect.DelegatingMethodAccessorImpl.invoke(Unknown Source)
at java.lang.reflect.Method.invoke(Unknown Source)
at org.testng.internal.MethodInvocationHelper.invokeMethod(MethodInvocationHelper.java:124)
at org.testng.internal.Invoker.invokeMethod(Invoker.java:583)
at org.testng.internal.Invoker.invokeTestMethod(Invoker.java:719)
at org.testng.internal.Invoker.invokeTestMethods(Invoker.java:989)
at org.testng.internal.TestMethodWorker.invokeTestMethods(TestMethodWorker.java:125)
at org.testng.internal.TestMethodWorker.run(TestMethodWorker.java:109)
at org.testng.TestRunner.privateRun(TestRunner.java:648)
at org.testng.TestRunner.run(TestRunner.java:505)
at org.testng.SuiteRunner.runTest(SuiteRunner.java:455)
at org.testng.SuiteRunner.runSequentially(SuiteRunner.java:450)
at org.testng.SuiteRunner.privateRun(SuiteRunner.java:415)
at org.testng.SuiteRunner.run(SuiteRunner.java:364)
at org.testng.SuiteRunnerWorker.runSuite(SuiteRunnerWorker.java:52)
at org.testng.SuiteRunnerWorker.run(SuiteRunnerWorker.java:84)
at org.testng.TestNG.runSuitesSequentially(TestNG.java:1208)
at org.testng.TestNG.runSuitesLocally(TestNG.java:1137)
at org.testng.TestNG.runSuites(TestNG.java:1049)
at org.testng.TestNG.run(TestNG.java:1017)
at org.testng.remote.AbstractRemoteTestNG.run(AbstractRemoteTestNG.java:115)
at org.testng.remote.RemoteTestNG.initAndRun(RemoteTestNG.java:251)
at org.testng.remote.RemoteTestNG.main(RemoteTestNG.java:77)
]]>
    </error>
  </testcase> <!-- VerifyFiltersonMovie_83 -->
  <testcase name="verifyDetailspagefunctionality_83" classname="com.prathibha.justdialtest.Short_checkList">
    <skipped/>
  </testcase> <!-- verifyDetailspagefunctionality_83 -->
  <testcase name="DisplayMovieSchedule_78" classname="com.prathibha.justdialtest.Short_checkList">
    <skipped/>
  </testcase> <!-- DisplayMovieSchedule_78 -->
  <testcase name="verifyMoreLinkRedirectionCategory_67" classname="com.prathibha.justdialtest.Short_checkList">
    <skipped/>
  </testcase> <!-- verifyMoreLinkRedirectionCategory_67 -->
  <testcase name="verify2ndsetofResults_35_Doctors" classname="com.prathibha.justdialtest.Short_checkList">
    <skipped/>
  </testcase> <!-- verify2ndsetofResults_35_Doctors -->
  <testcase name="verify2ndsetofresults_35_Education" classname="com.prathibha.justdialtest.Short_checkList">
    <skipped/>
  </testcase> <!-- verify2ndsetofresults_35_Education -->
  <testcase name="verifyDetailsRCMS_58" classname="com.prathibha.justdialtest.Short_checkList">
    <skipped/>
  </testcase> <!-- verifyDetailsRCMS_58 -->
  <testcase name="Verify2ndsetofResults_35_res" classname="com.prathibha.justdialtest.Short_checkList">
    <skipped/>
  </testcase> <!-- Verify2ndsetofResults_35_res -->
  <testcase name="BestDealDetailpage_129" classname="com.prathibha.justdialtest.Short_checkList">
    <skipped/>
  </testcase> <!-- BestDealDetailpage_129 -->
  <testcase name="openNowforRestaurants_64" classname="com.prathibha.justdialtest.Short_checkList">
    <skipped/>
  </testcase> <!-- openNowforRestaurants_64 -->
  <testcase name="resultpageasListview_37" classname="com.prathibha.justdialtest.Short_checkList">
    <skipped/>
  </testcase> <!-- resultpageasListview_37 -->
  <testcase name="imageComapnydetailspage_55" classname="com.prathibha.justdialtest.Short_checkList">
    <skipped/>
  </testcase> <!-- imageComapnydetailspage_55 -->
  <testcase name="CompanySpecialcharacter_15" classname="com.prathibha.justdialtest.Short_checkList">
    <skipped/>
  </testcase> <!-- CompanySpecialcharacter_15 -->
  <testcase name="Advertise_111" classname="com.prathibha.justdialtest.Short_checkList">
    <skipped/>
  </testcase> <!-- Advertise_111 -->
  <testcase name="contactNumberwithForNonPaid_65" classname="com.prathibha.justdialtest.Short_checkList">
    <skipped/>
  </testcase> <!-- contactNumberwithForNonPaid_65 -->
  <testcase name="filterTab_36" classname="com.prathibha.justdialtest.Short_checkList">
    <skipped/>
  </testcase> <!-- filterTab_36 -->
  <testcase name="MovieBannerDetailPage_77" classname="com.prathibha.justdialtest.Short_checkList">
    <skipped/>
  </testcase> <!-- MovieBannerDetailPage_77 -->
  <testcase name="contactNumberwithVNForPaid_65" classname="com.prathibha.justdialtest.Short_checkList">
    <skipped/>
  </testcase> <!-- contactNumberwithVNForPaid_65 -->
  <testcase name="MovieAutosugg_75" classname="com.prathibha.justdialtest.Short_checkList">
    <skipped/>
  </testcase> <!-- MovieAutosugg_75 -->
  <testcase name="Categorywithoutarea_Hotels_16" classname="com.prathibha.justdialtest.Short_checkList">
    <skipped/>
  </testcase> <!-- Categorywithoutarea_Hotels_16 -->
  <testcase name="verifyContractFavouriteiconAndarea_57" classname="com.prathibha.justdialtest.Short_checkList">
    <skipped/>
  </testcase> <!-- verifyContractFavouriteiconAndarea_57 -->
  <testcase name="categoreyEnquireNow_43" classname="com.prathibha.justdialtest.Short_checkList">
    <skipped/>
  </testcase> <!-- categoreyEnquireNow_43 -->
  <testcase name="verifyMovieLanguageSorting_83" classname="com.prathibha.justdialtest.Short_checkList">
    <skipped/>
  </testcase> <!-- verifyMovieLanguageSorting_83 -->
  <testcase name="BestDealResultpage_128" classname="com.prathibha.justdialtest.Short_checkList">
    <skipped/>
  </testcase> <!-- BestDealResultpage_128 -->
  <testcase name="Categorywitharea_Movers_17" classname="com.prathibha.justdialtest.Short_checkList">
    <skipped/>
  </testcase> <!-- Categorywitharea_Movers_17 -->
  <testcase name="verifyJDlogoandPhotoCount_56" classname="com.prathibha.justdialtest.Short_checkList">
    <skipped/>
  </testcase> <!-- verifyJDlogoandPhotoCount_56 -->
</testsuite> <!-- com.prathibha.justdialtest.Short_checkList -->
