<?xml version="1.0" encoding="UTF-8"?>
<!-- Generated by org.testng.reporters.JUnitReportReporter -->
<testsuite skipped="0" hostname="DESKTOP-A96QGMO" name="com.lifeco.tests.Content_EducationalLists_Test" tests="2" failures="0" timestamp="06 Sep 2019 12:06:44 GMT" time="385.232" errors="0">
  <testcase name="verifyEditCard" time="204.707" classname="com.lifeco.tests.Content_EducationalLists_Test"/>
  <testcase name="verifyEditList" time="180.525" classname="com.lifeco.tests.Content_EducationalLists_Test"/>
</testsuite> <!-- com.lifeco.tests.Content_EducationalLists_Test -->
