<?xml version="1.0" encoding="UTF-8"?>
<!-- Generated by org.testng.reporters.JUnitReportReporter -->
<testsuite skipped="0" hostname="DESKTOP-A96QGMO" name="com.lifeco.tests.Settings_Test" tests="1" failures="0" timestamp="28 Aug 2019 10:35:44 GMT" time="45.797" errors="0">
  <testcase name="test" time="45.797" classname="com.lifeco.tests.Settings_Test"/>
</testsuite> <!-- com.lifeco.tests.Settings_Test -->
