<?xml version="1.0" encoding="UTF-8"?>
<!-- Generated by org.testng.reporters.JUnitReportReporter -->
<testsuite skipped="5" hostname="DESKTOP-A96QGMO" name="com.lifeco.settings.AppConfig_FAQ_Test" tests="6" failures="0" timestamp="26 Sep 2019 11:10:23 GMT" time="58.529" errors="0">
  <testcase name="verifyDeleteFAQGivenCat" time="58.529" classname="com.lifeco.settings.AppConfig_FAQ_Test"/>
  <testcase name="verifyADDFAQGivenCat" classname="com.lifeco.settings.AppConfig_FAQ_Test">
    <skipped/>
  </testcase> <!-- verifyADDFAQGivenCat -->
  <testcase name="verifyEditCategory" classname="com.lifeco.settings.AppConfig_FAQ_Test">
    <skipped/>
  </testcase> <!-- verifyEditCategory -->
  <testcase name="VerifyAddCategory" classname="com.lifeco.settings.AppConfig_FAQ_Test">
    <skipped/>
  </testcase> <!-- VerifyAddCategory -->
  <testcase name="verifyDeleteCategory" classname="com.lifeco.settings.AppConfig_FAQ_Test">
    <skipped/>
  </testcase> <!-- verifyDeleteCategory -->
  <testcase name="verifyEditFAQGivenCat" classname="com.lifeco.settings.AppConfig_FAQ_Test">
    <skipped/>
  </testcase> <!-- verifyEditFAQGivenCat -->
</testsuite> <!-- com.lifeco.settings.AppConfig_FAQ_Test -->
