<?xml version="1.0" encoding="UTF-8"?>
<!-- Generated by org.testng.reporters.JUnitReportReporter -->
<testsuite skipped="0" hostname="DESKTOP-A96QGMO" name="com.lifeco.tests.Content_Links_Test" tests="1" failures="0" timestamp="04 Sep 2019 09:45:04 GMT" time="122.782" errors="0">
  <testcase name="test" time="122.782" classname="com.lifeco.tests.Content_Links_Test"/>
</testsuite> <!-- com.lifeco.tests.Content_Links_Test -->
