<?xml version="1.0" encoding="UTF-8"?>
<!-- Generated by org.testng.reporters.JUnitReportReporter -->
<testsuite skipped="0" hostname="BLR-SOFT-29" name="com.lifeco.WelcomePageTest" tests="1" failures="0" timestamp="24 Oct 2019 08:07:40 GMT" time="8.503" errors="0">
  <testcase name="demoTest" time="8.503" classname="com.lifeco.WelcomePageTest"/>
</testsuite> <!-- com.lifeco.WelcomePageTest -->
