<?xml version="1.0" encoding="UTF-8"?>
<!-- Generated by org.testng.reporters.JUnitReportReporter -->
<testsuite skipped="0" hostname="DESKTOP-A96QGMO" name="com.lifeco.tests.Data_LocationData_Test" tests="1" failures="0" timestamp="29 Aug 2019 13:30:34 GMT" time="81.999" errors="0">
  <testcase name="createTag" time="81.999" classname="com.lifeco.tests.Data_LocationData_Test"/>
</testsuite> <!-- com.lifeco.tests.Data_LocationData_Test -->
