<?xml version="1.0" encoding="UTF-8"?>
<!-- Generated by org.testng.reporters.JUnitReportReporter -->
<testsuite skipped="0" hostname="DESKTOP-A96QGMO" name="com.lifeco.tests.Content_Interactive_PollPage_Test" tests="2" failures="0" timestamp="30 Aug 2019 07:44:46 GMT" time="358.453" errors="0">
  <testcase name="createNewPoll" time="211.452" classname="com.lifeco.tests.Content_Interactive_PollPage_Test"/>
  <testcase name="verifyDeletePoll" time="147.001" classname="com.lifeco.tests.Content_Interactive_PollPage_Test"/>
</testsuite> <!-- com.lifeco.tests.Content_Interactive_PollPage_Test -->
