<?xml version="1.0" encoding="UTF-8"?>
<!-- Generated by org.testng.reporters.JUnitReportReporter -->
<testsuite skipped="0" hostname="DESKTOP-A96QGMO" name="com.lifeco.TC002_GET_REQ" tests="1" failures="0" timestamp="04 Oct 2019 09:39:47 GMT" time="4.311" errors="0">
  <testcase name="postRegistrationSuccessfull" time="4.311" classname="com.lifeco.TC002_GET_REQ"/>
</testsuite> <!-- com.lifeco.TC002_GET_REQ -->
