<?xml version="1.0" encoding="UTF-8"?>
<!-- Generated by org.testng.reporters.JUnitReportReporter -->
<testsuite skipped="0" hostname="DESKTOP-A96QGMO" name="com.lifeco.content.Content_Interactive_PollPage_Test" tests="1" failures="0" timestamp="16 Sep 2019 09:44:21 GMT" time="154.473" errors="0">
  <testcase name="createNewPoll" time="154.473" classname="com.lifeco.content.Content_Interactive_PollPage_Test"/>
</testsuite> <!-- com.lifeco.content.Content_Interactive_PollPage_Test -->
