<?xml version="1.0" encoding="UTF-8"?>
<!-- Generated by org.testng.reporters.JUnitReportReporter -->
<testsuite skipped="0" hostname="DESKTOP-A96QGMO" name="com.lifeco.ClearTripTest" tests="1" failures="0" timestamp="15 Oct 2019 06:09:28 GMT" time="60.398" errors="0">
  <testcase name="testDateCal" time="60.398" classname="com.lifeco.ClearTripTest"/>
</testsuite> <!-- com.lifeco.ClearTripTest -->
