<?xml version="1.0" encoding="UTF-8"?>
<!-- Generated by org.testng.reporters.JUnitReportReporter -->
<testsuite skipped="0" hostname="DESKTOP-A96QGMO" name="com.lifeco.tests.Users_Policyholder_EnrolledTest" tests="1" failures="0" timestamp="06 Sep 2019 12:06:44 GMT" time="121.937" errors="0">
  <testcase name="editUser" time="121.937" classname="com.lifeco.tests.Users_Policyholder_EnrolledTest"/>
</testsuite> <!-- com.lifeco.tests.Users_Policyholder_EnrolledTest -->
