<?xml version="1.0" encoding="UTF-8"?>
<!-- Generated by org.testng.reporters.JUnitReportReporter -->
<testsuite skipped="21" hostname="BLR-SOFT-03" name="com.prathibha.justdialtest.Autosuggdisplay" tests="22" failures="0" timestamp="27 Nov 2019 06:06:46 GMT" time="13.692" errors="0">
  <testcase name="singleBoxCompanySearchwithTajHotel_9" time="13.692" classname="com.prathibha.justdialtest.Autosuggdisplay"/>
  <testcase name="moviesearchDD_13" classname="com.prathibha.justdialtest.Autosuggdisplay">
    <skipped/>
  </testcase> <!-- moviesearchDD_13 -->
  <testcase name="musicsearchwithTera_20" classname="com.prathibha.justdialtest.Autosuggdisplay">
    <skipped/>
  </testcase> <!-- musicsearchwithTera_20 -->
  <testcase name="productSearchwithColour_16" classname="com.prathibha.justdialtest.Autosuggdisplay">
    <skipped/>
  </testcase> <!-- productSearchwithColour_16 -->
  <testcase name="companySearchwithTajMahal_3" classname="com.prathibha.justdialtest.Autosuggdisplay">
    <skipped/>
  </testcase> <!-- companySearchwithTajMahal_3 -->
  <testcase name="outletsearchwithDominos_12" classname="com.prathibha.justdialtest.Autosuggdisplay">
    <skipped/>
  </testcase> <!-- outletsearchwithDominos_12 -->
  <testcase name="movieonlineSearch_14" classname="com.prathibha.justdialtest.Autosuggdisplay">
    <skipped/>
  </testcase> <!-- movieonlineSearch_14 -->
  <testcase name="productSearchIphonex_15" classname="com.prathibha.justdialtest.Autosuggdisplay">
    <skipped/>
  </testcase> <!-- productSearchIphonex_15 -->
  <testcase name="NewsSearchwithviratKohliNews_18" classname="com.prathibha.justdialtest.Autosuggdisplay">
    <skipped/>
  </testcase> <!-- NewsSearchwithviratKohliNews_18 -->
  <testcase name="categorywithPackers_11" classname="com.prathibha.justdialtest.Autosuggdisplay">
    <skipped/>
  </testcase> <!-- categorywithPackers_11 -->
  <testcase name="companySearchwithCCD_8" classname="com.prathibha.justdialtest.Autosuggdisplay">
    <skipped/>
  </testcase> <!-- companySearchwithCCD_8 -->
  <testcase name="companySearchwithMcDonalds_7" classname="com.prathibha.justdialtest.Autosuggdisplay">
    <skipped/>
  </testcase> <!-- companySearchwithMcDonalds_7 -->
  <testcase name="categorywithRestaurants_10" classname="com.prathibha.justdialtest.Autosuggdisplay">
    <skipped/>
  </testcase> <!-- categorywithRestaurants_10 -->
  <testcase name="stockSearchManpasand_23" classname="com.prathibha.justdialtest.Autosuggdisplay">
    <skipped/>
  </testcase> <!-- stockSearchManpasand_23 -->
  <testcase name="companysearchwithTajMahalalsoListedIn_24" classname="com.prathibha.justdialtest.Autosuggdisplay">
    <skipped/>
  </testcase> <!-- companysearchwithTajMahalalsoListedIn_24 -->
  <testcase name="dishSearchwithDalKhichadi_17" classname="com.prathibha.justdialtest.Autosuggdisplay">
    <skipped/>
  </testcase> <!-- dishSearchwithDalKhichadi_17 -->
  <testcase name="travelSearchMumbaiBangalore_21" classname="com.prathibha.justdialtest.Autosuggdisplay">
    <skipped/>
  </testcase> <!-- travelSearchMumbaiBangalore_21 -->
  <testcase name="AllSearchwithNarendraModi_19" classname="com.prathibha.justdialtest.Autosuggdisplay">
    <skipped/>
  </testcase> <!-- AllSearchwithNarendraModi_19 -->
  <testcase name="companySearchwithJW_4" classname="com.prathibha.justdialtest.Autosuggdisplay">
    <skipped/>
  </testcase> <!-- companySearchwithJW_4 -->
  <testcase name="trainSearchKravanthiexpress_22" classname="com.prathibha.justdialtest.Autosuggdisplay">
    <skipped/>
  </testcase> <!-- trainSearchKravanthiexpress_22 -->
  <testcase name="companySearchwithRudra_6" classname="com.prathibha.justdialtest.Autosuggdisplay">
    <skipped/>
  </testcase> <!-- companySearchwithRudra_6 -->
  <testcase name="companysearchwithJWNumberFetched_25" classname="com.prathibha.justdialtest.Autosuggdisplay">
    <skipped/>
  </testcase> <!-- companysearchwithJWNumberFetched_25 -->
</testsuite> <!-- com.prathibha.justdialtest.Autosuggdisplay -->
