<?xml version="1.0" encoding="UTF-8"?>
<!-- Generated by org.testng.reporters.JUnitReportReporter -->
<testsuite skipped="1" hostname="BLR-SOFT-29" name="com.lifeco.HomePageTest" tests="2" failures="0" timestamp="24 Oct 2019 11:18:13 GMT" time="14.365" errors="0">
  <testcase name="verifyRestaurants" time="14.365" classname="com.lifeco.HomePageTest"/>
  <testcase name="verifyLinks" classname="com.lifeco.HomePageTest">
    <skipped/>
  </testcase> <!-- verifyLinks -->
</testsuite> <!-- com.lifeco.HomePageTest -->
