<?xml version="1.0" encoding="UTF-8"?>
<!-- Generated by org.testng.reporters.JUnitReportReporter -->
<testsuite skipped="6" hostname="DESKTOP-A96QGMO" name="com.lifeco.sales.Sales_ManageProduct_Test" tests="7" failures="0" timestamp="24 Sep 2019 09:26:00 GMT" time="98.485" errors="0">
  <testcase name="deleteProduct" time="98.485" classname="com.lifeco.sales.Sales_ManageProduct_Test"/>
  <testcase name="deleteCategory" classname="com.lifeco.sales.Sales_ManageProduct_Test">
    <skipped/>
  </testcase> <!-- deleteCategory -->
  <testcase name="editProductCategory" classname="com.lifeco.sales.Sales_ManageProduct_Test">
    <skipped/>
  </testcase> <!-- editProductCategory -->
  <testcase name="createNewCategory" classname="com.lifeco.sales.Sales_ManageProduct_Test">
    <skipped/>
  </testcase> <!-- createNewCategory -->
  <testcase name="addProductToCategory" classname="com.lifeco.sales.Sales_ManageProduct_Test">
    <skipped/>
  </testcase> <!-- addProductToCategory -->
  <testcase name="navigatToSales_ManageProduct_Categories" classname="com.lifeco.sales.Sales_ManageProduct_Test">
    <skipped/>
  </testcase> <!-- navigatToSales_ManageProduct_Categories -->
  <testcase name="editCategory" classname="com.lifeco.sales.Sales_ManageProduct_Test">
    <skipped/>
  </testcase> <!-- editCategory -->
</testsuite> <!-- com.lifeco.sales.Sales_ManageProduct_Test -->
