<?xml version="1.0" encoding="UTF-8"?>
<!-- Generated by org.testng.reporters.JUnitReportReporter -->
<testsuite skipped="0" hostname="DESKTOP-A96QGMO" name="com.lifeco.tests.Engagement_Links_Test" tests="1" failures="0" timestamp="04 Sep 2019 10:43:38 GMT" time="71.778" errors="0">
  <testcase name="test" time="71.778" classname="com.lifeco.tests.Engagement_Links_Test"/>
</testsuite> <!-- com.lifeco.tests.Engagement_Links_Test -->
