<?xml version="1.0" encoding="UTF-8"?>
<!-- Generated by org.testng.reporters.JUnitReportReporter -->
<testsuite skipped="0" hostname="DESKTOP-A96QGMO" name="com.lifeco.tests.Users_Policyhoder_Policies_Test" tests="1" failures="0" timestamp="06 Sep 2019 12:06:44 GMT" time="179.211" errors="0">
  <testcase name="verifyEditPolicy" time="179.211" classname="com.lifeco.tests.Users_Policyhoder_Policies_Test"/>
</testsuite> <!-- com.lifeco.tests.Users_Policyhoder_Policies_Test -->
