<?xml version="1.0" encoding="UTF-8"?>
<!-- Generated by org.testng.reporters.JUnitReportReporter -->
<testsuite skipped="0" hostname="DESKTOP-A96QGMO" name="com.lifeco.tests.Content_Highlights_Test" tests="1" failures="0" timestamp="09 Sep 2019 10:01:47 GMT" time="253.465" errors="0">
  <testcase name="verifyEditHighlights" time="253.465" classname="com.lifeco.tests.Content_Highlights_Test"/>
</testsuite> <!-- com.lifeco.tests.Content_Highlights_Test -->
