<?xml version="1.0" encoding="UTF-8"?>
<!-- Generated by org.testng.reporters.JUnitReportReporter -->
<testsuite skipped="0" hostname="DESKTOP-A96QGMO" name="com.lifeco.tests.Sales_Links_Test" tests="1" failures="0" timestamp="04 Sep 2019 10:45:54 GMT" time="40.150" errors="0">
  <testcase name="test" time="40.150" classname="com.lifeco.tests.Sales_Links_Test"/>
</testsuite> <!-- com.lifeco.tests.Sales_Links_Test -->
