<?xml version="1.0" encoding="UTF-8"?>
<!-- Generated by org.testng.reporters.JUnitReportReporter -->
<testsuite skipped="0" hostname="DESKTOP-A96QGMO" name="com.lifeco.content.Content_Interactive_Quizzes_Test" tests="1" failures="0" timestamp="16 Sep 2019 10:07:10 GMT" time="100.557" errors="0">
  <testcase name="createNewQuizz" time="100.557" classname="com.lifeco.content.Content_Interactive_Quizzes_Test"/>
</testsuite> <!-- com.lifeco.content.Content_Interactive_Quizzes_Test -->
