<?xml version="1.0" encoding="UTF-8"?>
<!-- Generated by org.testng.reporters.JUnitReportReporter -->
<testsuite skipped="0" hostname="DESKTOP-A96QGMO" name="com.lifeco.tests.LoginTest" tests="8" failures="0" timestamp="28 Aug 2019 10:35:44 GMT" time="124.498" errors="0">
  <testcase name="testValidLogin" time="37.646" classname="com.lifeco.tests.LoginTest"/>
  <testcase name="testInvalidLogin" time="10.160" classname="com.lifeco.tests.LoginTest"/>
  <testcase name="testInvalidEmailPassword" time="15.961" classname="com.lifeco.tests.LoginTest"/>
  <testcase name="testInvalidEmailPassword" time="10.564" classname="com.lifeco.tests.LoginTest"/>
  <testcase name="testInvalidLoginCredentials" time="13.679" classname="com.lifeco.tests.LoginTest"/>
  <testcase name="testInvalidLoginCredentials" time="13.610" classname="com.lifeco.tests.LoginTest"/>
  <testcase name="testInvalidEmail" time="12.416" classname="com.lifeco.tests.LoginTest"/>
  <testcase name="testFogotPasswordCancel" time="10.462" classname="com.lifeco.tests.LoginTest"/>
</testsuite> <!-- com.lifeco.tests.LoginTest -->
