<?xml version="1.0" encoding="UTF-8"?>
<!-- Generated by org.testng.reporters.JUnitReportReporter -->
<testsuite skipped="0" hostname="DESKTOP-A96QGMO" name="com.lifeco.tests.Content_LearningCenter_Configure_Test" tests="1" failures="0" timestamp="06 Sep 2019 12:06:44 GMT" time="87.093" errors="0">
  <testcase name="verifyEditCategory" time="87.093" classname="com.lifeco.tests.Content_LearningCenter_Configure_Test"/>
</testsuite> <!-- com.lifeco.tests.Content_LearningCenter_Configure_Test -->
