<?xml version="1.0" encoding="UTF-8"?>
<!-- Generated by org.testng.reporters.JUnitReportReporter -->
<testsuite skipped="0" hostname="DESKTOP-A96QGMO" name="com.lifeco.TC001_GET_REQ" tests="1" failures="0" timestamp="04 Oct 2019 09:02:41 GMT" time="2.294" errors="0">
  <testcase name="getListUser" time="2.294" classname="com.lifeco.TC001_GET_REQ"/>
</testsuite> <!-- com.lifeco.TC001_GET_REQ -->
