<?xml version="1.0" encoding="UTF-8"?>
<!-- Generated by org.testng.reporters.JUnitReportReporter -->
<testsuite skipped="0" hostname="DESKTOP-A96QGMO" name="com.lifeco.tests.DataTest" tests="1" failures="0" timestamp="28 Aug 2019 10:35:44 GMT" time="82.780" errors="0">
  <testcase name="test" time="82.780" classname="com.lifeco.tests.DataTest"/>
</testsuite> <!-- com.lifeco.tests.DataTest -->
