<?xml version="1.0" encoding="UTF-8"?>
<!-- Generated by org.testng.reporters.JUnitReportReporter -->
<testsuite skipped="0" hostname="DESKTOP-A96QGMO" name="com.lifeco.tests.Content_ChallengesPage_Test" tests="1" failures="0" timestamp="29 Aug 2019 05:04:19 GMT" time="182.147" errors="0">
  <testcase name="copyExistingIndividualChallenge" time="182.147" classname="com.lifeco.tests.Content_ChallengesPage_Test"/>
</testsuite> <!-- com.lifeco.tests.Content_ChallengesPage_Test -->
