<?xml version="1.0" encoding="UTF-8"?>
<!-- Generated by org.testng.reporters.JUnitReportReporter -->
<testsuite skipped="10" hostname="BLR-SOFT-29" name="com.justdial.test.HomePageTest" tests="13" failures="0" timestamp="06 Nov 2019 05:35:13 GMT" time="41.806" errors="0">
  <testcase name="notAvailableData" time="16.168" classname="com.justdial.test.HomePageTest"/>
  <testcase name="notAvailableData" time="12.426" classname="com.justdial.test.HomePageTest"/>
  <testcase name="notAvailableData" time="13.212" classname="com.justdial.test.HomePageTest"/>
  <testcase name="verifyLinks" classname="com.justdial.test.HomePageTest">
    <skipped/>
  </testcase> <!-- verifyLinks -->
  <testcase name="verifyRestaurants" classname="com.justdial.test.HomePageTest">
    <skipped/>
  </testcase> <!-- verifyRestaurants -->
  <testcase name="defaultAutoSuggest" classname="com.justdial.test.HomePageTest">
    <skipped/>
  </testcase> <!-- defaultAutoSuggest -->
  <testcase name="verifyDetectMyLocation" classname="com.justdial.test.HomePageTest">
    <skipped/>
  </testcase> <!-- verifyDetectMyLocation -->
  <testcase name="verifyAutoSuggestForSingleCharacter" classname="com.justdial.test.HomePageTest">
    <skipped/>
  </testcase> <!-- verifyAutoSuggestForSingleCharacter -->
  <testcase name="verifyDetectedCityCompanyAutoSuggestDisplay" classname="com.justdial.test.HomePageTest">
    <skipped/>
  </testcase> <!-- verifyDetectedCityCompanyAutoSuggestDisplay -->
  <testcase name="disableFreeTextSelection" classname="com.justdial.test.HomePageTest">
    <skipped/>
  </testcase> <!-- disableFreeTextSelection -->
  <testcase name="verifyTravelClick" classname="com.justdial.test.HomePageTest">
    <skipped/>
  </testcase> <!-- verifyTravelClick -->
  <testcase name="defaultCitySuggest" classname="com.justdial.test.HomePageTest">
    <skipped/>
  </testcase> <!-- defaultCitySuggest -->
  <testcase name="verifyAnywhereInCity" classname="com.justdial.test.HomePageTest">
    <skipped/>
  </testcase> <!-- verifyAnywhereInCity -->
</testsuite> <!-- com.justdial.test.HomePageTest -->
