<?xml version="1.0" encoding="UTF-8"?>
<!-- Generated by org.testng.reporters.JUnitReportReporter -->
<testsuite skipped="0" hostname="DESKTOP-A96QGMO" name="com.lifeco.content.Content_ChallengesPage_Test" tests="1" failures="0" timestamp="13 Sep 2019 07:48:36 GMT" time="187.211" errors="0">
  <testcase name="createNewIndividualChallenge" time="187.211" classname="com.lifeco.content.Content_ChallengesPage_Test"/>
</testsuite> <!-- com.lifeco.content.Content_ChallengesPage_Test -->
